This is pdfTeX, Version 3.14159265-2.6-1.40.19 (MiKTeX 2.9.6670 64-bit) (preloaded format=pdflatex 2020.3.17)  17 MAR 2020 17:43
entering extended mode
**./3_digital_trace.tex
(3_digital_trace.tex
LaTeX2e <2018-04-01> patch level 2
Babel <3.18> and hyphenation patterns for 75 language(s) loaded.

("C:\Users\alburezgutierrez\AppData\Local\Programs\MiKTeX 2.9\tex\latex\beamer\
beamer.cls"
Document Class: beamer 2019/09/29 v3.57 A class for typesetting presentations

("C:\Users\alburezgutierrez\AppData\Local\Programs\MiKTeX 2.9\tex\latex\beamer\
beamerbasemodes.sty"
("C:\Users\alburezgutierrez\AppData\Local\Programs\MiKTeX 2.9\tex\latex\etoolbo
x\etoolbox.sty"
Package: etoolbox 2019/09/21 v2.5h e-TeX tools for LaTeX (JAW)
\etb@tempcnta=\count80
)
\beamer@tempbox=\box26
\beamer@tempcount=\count81
\c@beamerpauses=\count82

("C:\Users\alburezgutierrez\AppData\Local\Programs\MiKTeX 2.9\tex\latex\beamer\
beamerbasedecode.sty"
\beamer@slideinframe=\count83
\beamer@minimum=\count84
\beamer@decode@box=\box27
)
\beamer@commentbox=\box28
\beamer@modecount=\count85
)
("C:\Users\alburezgutierrez\AppData\Local\Programs\MiKTeX 2.9\tex\generic\oberd
iek\ifpdf.sty"
Package: ifpdf 2017/03/15 v3.2 Provides the ifpdf switch
)
\headdp=\dimen102
\footheight=\dimen103
\sidebarheight=\dimen104
\beamer@tempdim=\dimen105
\beamer@finalheight=\dimen106
\beamer@animht=\dimen107
\beamer@animdp=\dimen108
\beamer@animwd=\dimen109
\beamer@leftmargin=\dimen110
\beamer@rightmargin=\dimen111
\beamer@leftsidebar=\dimen112
\beamer@rightsidebar=\dimen113
\beamer@boxsize=\dimen114
\beamer@vboxoffset=\dimen115
\beamer@descdefault=\dimen116
\beamer@descriptionwidth=\dimen117
\beamer@lastskip=\skip41
\beamer@areabox=\box29
\beamer@animcurrent=\box30
\beamer@animshowbox=\box31
\beamer@sectionbox=\box32
\beamer@logobox=\box33
\beamer@linebox=\box34
\beamer@sectioncount=\count86
\beamer@subsubsectionmax=\count87
\beamer@subsectionmax=\count88
\beamer@sectionmax=\count89
\beamer@totalheads=\count90
\beamer@headcounter=\count91
\beamer@partstartpage=\count92
\beamer@sectionstartpage=\count93
\beamer@subsectionstartpage=\count94
\beamer@animationtempa=\count95
\beamer@animationtempb=\count96
\beamer@xpos=\count97
\beamer@ypos=\count98
\beamer@ypos@offset=\count99
\beamer@showpartnumber=\count100
\beamer@currentsubsection=\count101
\beamer@coveringdepth=\count102
\beamer@sectionadjust=\count103
\beamer@tocsectionnumber=\count104

("C:\Users\alburezgutierrez\AppData\Local\Programs\MiKTeX 2.9\tex\latex\beamer\
beamerbaseoptions.sty"
("C:\Users\alburezgutierrez\AppData\Local\Programs\MiKTeX 2.9\tex\latex\graphic
s\keyval.sty"
Package: keyval 2014/10/28 v1.15 key=value parser (DPC)
\KV@toks@=\toks14
))
\beamer@paperwidth=\skip42
\beamer@paperheight=\skip43

("C:\Users\alburezgutierrez\AppData\Local\Programs\MiKTeX 2.9\tex\latex\geometr
y\geometry.sty"
Package: geometry 2018/03/24 v5.7 Page Geometry

("C:\Users\alburezgutierrez\AppData\Local\Programs\MiKTeX 2.9\tex\generic\oberd
iek\ifvtex.sty"
Package: ifvtex 2016/05/16 v1.6 Detect VTeX and its facilities (HO)
Package ifvtex Info: VTeX not detected.
)
("C:\Users\alburezgutierrez\AppData\Local\Programs\MiKTeX 2.9\tex\generic\ifxet
ex\ifxetex.sty"
Package: ifxetex 2010/09/12 v0.6 Provides ifxetex conditional
)
\Gm@cnth=\count105
\Gm@cntv=\count106
\c@Gm@tempcnt=\count107
\Gm@bindingoffset=\dimen118
\Gm@wd@mp=\dimen119
\Gm@odd@mp=\dimen120
\Gm@even@mp=\dimen121
\Gm@layoutwidth=\dimen122
\Gm@layoutheight=\dimen123
\Gm@layouthoffset=\dimen124
\Gm@layoutvoffset=\dimen125
\Gm@dimlist=\toks15

("C:\Users\alburezgutierrez\AppData\Local\Programs\MiKTeX 2.9\tex\latex\geometr
y\geometry.cfg"))
("C:\Users\alburezgutierrez\AppData\Local\Programs\MiKTeX 2.9\tex\latex\base\si
ze11.clo"
File: size11.clo 2014/09/29 v1.4h Standard LaTeX file (size option)
)
("C:\Users\alburezgutierrez\AppData\Local\Programs\MiKTeX 2.9\tex\latex\pgf\bas
iclayer\pgfcore.sty"
("C:\Users\alburezgutierrez\AppData\Local\Programs\MiKTeX 2.9\tex\latex\graphic
s\graphicx.sty"
Package: graphicx 2017/06/01 v1.1a Enhanced LaTeX Graphics (DPC,SPQR)

("C:\Users\alburezgutierrez\AppData\Local\Programs\MiKTeX 2.9\tex\latex\graphic
s\graphics.sty"
Package: graphics 2017/06/25 v1.2c Standard LaTeX Graphics (DPC,SPQR)

("C:\Users\alburezgutierrez\AppData\Local\Programs\MiKTeX 2.9\tex\latex\graphic
s\trig.sty"
Package: trig 2016/01/03 v1.10 sin cos tan (DPC)
)
("C:\Users\alburezgutierrez\AppData\Local\Programs\MiKTeX 2.9\tex\latex\graphic
s-cfg\graphics.cfg"
File: graphics.cfg 2016/06/04 v1.11 sample graphics configuration
)
Package graphics Info: Driver file: pdftex.def on input line 99.

("C:\Users\alburezgutierrez\AppData\Local\Programs\MiKTeX 2.9\tex\latex\graphic
s-def\pdftex.def"
File: pdftex.def 2018/01/08 v1.0l Graphics/color driver for pdftex
))
\Gin@req@height=\dimen126
\Gin@req@width=\dimen127
)
("C:\Users\alburezgutierrez\AppData\Local\Programs\MiKTeX 2.9\tex\latex\pgf\sys
temlayer\pgfsys.sty"
("C:\Users\alburezgutierrez\AppData\Local\Programs\MiKTeX 2.9\tex\latex\pgf\uti
lities\pgfrcs.sty"
("C:\Users\alburezgutierrez\AppData\Local\Programs\MiKTeX 2.9\tex\generic\pgf\u
tilities\pgfutil-common.tex"
\pgfutil@everybye=\toks16
\pgfutil@tempdima=\dimen128
\pgfutil@tempdimb=\dimen129

("C:\Users\alburezgutierrez\AppData\Local\Programs\MiKTeX 2.9\tex\generic\pgf\u
tilities\pgfutil-common-lists.tex"))
("C:\Users\alburezgutierrez\AppData\Local\Programs\MiKTeX 2.9\tex\generic\pgf\u
tilities\pgfutil-latex.def"
\pgfutil@abb=\box35

("C:\Users\alburezgutierrez\AppData\Local\Programs\MiKTeX 2.9\tex\latex\ms\ever
yshi.sty"
Package: everyshi 2001/05/15 v3.00 EveryShipout Package (MS)
))
("C:\Users\alburezgutierrez\AppData\Local\Programs\MiKTeX 2.9\tex\generic\pgf\u
tilities\pgfrcs.code.tex"
("C:\Users\alburezgutierrez\AppData\Local\Programs\MiKTeX 2.9\tex\generic\pgf\p
gf.revision.tex")
Package: pgfrcs 2020/01/08 v3.1.5b (3.1.5b)
))
("C:\Users\alburezgutierrez\AppData\Local\Programs\MiKTeX 2.9\tex\generic\pgf\s
ystemlayer\pgfsys.code.tex"
Package: pgfsys 2020/01/08 v3.1.5b (3.1.5b)

("C:\Users\alburezgutierrez\AppData\Local\Programs\MiKTeX 2.9\tex\generic\pgf\u
tilities\pgfkeys.code.tex"
\pgfkeys@pathtoks=\toks17
\pgfkeys@temptoks=\toks18

("C:\Users\alburezgutierrez\AppData\Local\Programs\MiKTeX 2.9\tex\generic\pgf\u
tilities\pgfkeysfiltered.code.tex"
\pgfkeys@tmptoks=\toks19
))
\pgf@x=\dimen130
\pgf@y=\dimen131
\pgf@xa=\dimen132
\pgf@ya=\dimen133
\pgf@xb=\dimen134
\pgf@yb=\dimen135
\pgf@xc=\dimen136
\pgf@yc=\dimen137
\pgf@xd=\dimen138
\pgf@yd=\dimen139
\w@pgf@writea=\write3
\r@pgf@reada=\read1
\c@pgf@counta=\count108
\c@pgf@countb=\count109
\c@pgf@countc=\count110
\c@pgf@countd=\count111
\t@pgf@toka=\toks20
\t@pgf@tokb=\toks21
\t@pgf@tokc=\toks22
\pgf@sys@id@count=\count112

("C:\Users\alburezgutierrez\AppData\Local\Programs\MiKTeX 2.9\tex\generic\pgf\s
ystemlayer\pgf.cfg"
File: pgf.cfg 2020/01/08 v3.1.5b (3.1.5b)
)
Driver file for pgf: pgfsys-pdftex.def

("C:\Users\alburezgutierrez\AppData\Local\Programs\MiKTeX 2.9\tex\generic\pgf\s
ystemlayer\pgfsys-pdftex.def"
File: pgfsys-pdftex.def 2020/01/08 v3.1.5b (3.1.5b)

("C:\Users\alburezgutierrez\AppData\Local\Programs\MiKTeX 2.9\tex\generic\pgf\s
ystemlayer\pgfsys-common-pdf.def"
File: pgfsys-common-pdf.def 2020/01/08 v3.1.5b (3.1.5b)
)))
("C:\Users\alburezgutierrez\AppData\Local\Programs\MiKTeX 2.9\tex\generic\pgf\s
ystemlayer\pgfsyssoftpath.code.tex"
File: pgfsyssoftpath.code.tex 2020/01/08 v3.1.5b (3.1.5b)
\pgfsyssoftpath@smallbuffer@items=\count113
\pgfsyssoftpath@bigbuffer@items=\count114
)
("C:\Users\alburezgutierrez\AppData\Local\Programs\MiKTeX 2.9\tex\generic\pgf\s
ystemlayer\pgfsysprotocol.code.tex"
File: pgfsysprotocol.code.tex 2020/01/08 v3.1.5b (3.1.5b)
))
("C:\Users\alburezgutierrez\AppData\Local\Programs\MiKTeX 2.9\tex\latex\xcolor\
xcolor.sty"
Package: xcolor 2016/05/11 v2.12 LaTeX color extensions (UK)

("C:\Users\alburezgutierrez\AppData\Local\Programs\MiKTeX 2.9\tex\latex\graphic
s-cfg\color.cfg"
File: color.cfg 2016/01/02 v1.6 sample color configuration
)
Package xcolor Info: Driver file: pdftex.def on input line 225.
Package xcolor Info: Model `cmy' substituted by `cmy0' on input line 1348.
Package xcolor Info: Model `hsb' substituted by `rgb' on input line 1352.
Package xcolor Info: Model `RGB' extended on input line 1364.
Package xcolor Info: Model `HTML' substituted by `rgb' on input line 1366.
Package xcolor Info: Model `Hsb' substituted by `hsb' on input line 1367.
Package xcolor Info: Model `tHsb' substituted by `hsb' on input line 1368.
Package xcolor Info: Model `HSB' substituted by `hsb' on input line 1369.
Package xcolor Info: Model `Gray' substituted by `gray' on input line 1370.
Package xcolor Info: Model `wave' substituted by `hsb' on input line 1371.
)
("C:\Users\alburezgutierrez\AppData\Local\Programs\MiKTeX 2.9\tex\generic\pgf\b
asiclayer\pgfcore.code.tex"
Package: pgfcore 2020/01/08 v3.1.5b (3.1.5b)

("C:\Users\alburezgutierrez\AppData\Local\Programs\MiKTeX 2.9\tex\generic\pgf\m
ath\pgfmath.code.tex"
("C:\Users\alburezgutierrez\AppData\Local\Programs\MiKTeX 2.9\tex\generic\pgf\m
ath\pgfmathcalc.code.tex"
("C:\Users\alburezgutierrez\AppData\Local\Programs\MiKTeX 2.9\tex\generic\pgf\m
ath\pgfmathutil.code.tex")
("C:\Users\alburezgutierrez\AppData\Local\Programs\MiKTeX 2.9\tex\generic\pgf\m
ath\pgfmathparser.code.tex"
\pgfmath@dimen=\dimen140
\pgfmath@count=\count115
\pgfmath@box=\box36
\pgfmath@toks=\toks23
\pgfmath@stack@operand=\toks24
\pgfmath@stack@operation=\toks25
)
("C:\Users\alburezgutierrez\AppData\Local\Programs\MiKTeX 2.9\tex\generic\pgf\m
ath\pgfmathfunctions.code.tex"
("C:\Users\alburezgutierrez\AppData\Local\Programs\MiKTeX 2.9\tex\generic\pgf\m
ath\pgfmathfunctions.basic.code.tex")
("C:\Users\alburezgutierrez\AppData\Local\Programs\MiKTeX 2.9\tex\generic\pgf\m
ath\pgfmathfunctions.trigonometric.code.tex")
("C:\Users\alburezgutierrez\AppData\Local\Programs\MiKTeX 2.9\tex\generic\pgf\m
ath\pgfmathfunctions.random.code.tex")
("C:\Users\alburezgutierrez\AppData\Local\Programs\MiKTeX 2.9\tex\generic\pgf\m
ath\pgfmathfunctions.comparison.code.tex")
("C:\Users\alburezgutierrez\AppData\Local\Programs\MiKTeX 2.9\tex\generic\pgf\m
ath\pgfmathfunctions.base.code.tex")
("C:\Users\alburezgutierrez\AppData\Local\Programs\MiKTeX 2.9\tex\generic\pgf\m
ath\pgfmathfunctions.round.code.tex")
("C:\Users\alburezgutierrez\AppData\Local\Programs\MiKTeX 2.9\tex\generic\pgf\m
ath\pgfmathfunctions.misc.code.tex")
("C:\Users\alburezgutierrez\AppData\Local\Programs\MiKTeX 2.9\tex\generic\pgf\m
ath\pgfmathfunctions.integerarithmetics.code.tex")))
("C:\Users\alburezgutierrez\AppData\Local\Programs\MiKTeX 2.9\tex\generic\pgf\m
ath\pgfmathfloat.code.tex"
\c@pgfmathroundto@lastzeros=\count116
))
("C:\Users\alburezgutierrez\AppData\Local\Programs\MiKTeX 2.9\tex\generic\pgf\m
ath\pgfint.code.tex")
("C:\Users\alburezgutierrez\AppData\Local\Programs\MiKTeX 2.9\tex\generic\pgf\b
asiclayer\pgfcorepoints.code.tex"
File: pgfcorepoints.code.tex 2020/01/08 v3.1.5b (3.1.5b)
\pgf@picminx=\dimen141
\pgf@picmaxx=\dimen142
\pgf@picminy=\dimen143
\pgf@picmaxy=\dimen144
\pgf@pathminx=\dimen145
\pgf@pathmaxx=\dimen146
\pgf@pathminy=\dimen147
\pgf@pathmaxy=\dimen148
\pgf@xx=\dimen149
\pgf@xy=\dimen150
\pgf@yx=\dimen151
\pgf@yy=\dimen152
\pgf@zx=\dimen153
\pgf@zy=\dimen154
)
("C:\Users\alburezgutierrez\AppData\Local\Programs\MiKTeX 2.9\tex\generic\pgf\b
asiclayer\pgfcorepathconstruct.code.tex"
File: pgfcorepathconstruct.code.tex 2020/01/08 v3.1.5b (3.1.5b)
\pgf@path@lastx=\dimen155
\pgf@path@lasty=\dimen156
)
("C:\Users\alburezgutierrez\AppData\Local\Programs\MiKTeX 2.9\tex\generic\pgf\b
asiclayer\pgfcorepathusage.code.tex"
File: pgfcorepathusage.code.tex 2020/01/08 v3.1.5b (3.1.5b)
\pgf@shorten@end@additional=\dimen157
\pgf@shorten@start@additional=\dimen158
)
("C:\Users\alburezgutierrez\AppData\Local\Programs\MiKTeX 2.9\tex\generic\pgf\b
asiclayer\pgfcorescopes.code.tex"
File: pgfcorescopes.code.tex 2020/01/08 v3.1.5b (3.1.5b)
\pgfpic=\box37
\pgf@hbox=\box38
\pgf@layerbox@main=\box39
\pgf@picture@serial@count=\count117
)
("C:\Users\alburezgutierrez\AppData\Local\Programs\MiKTeX 2.9\tex\generic\pgf\b
asiclayer\pgfcoregraphicstate.code.tex"
File: pgfcoregraphicstate.code.tex 2020/01/08 v3.1.5b (3.1.5b)
\pgflinewidth=\dimen159
)
("C:\Users\alburezgutierrez\AppData\Local\Programs\MiKTeX 2.9\tex\generic\pgf\b
asiclayer\pgfcoretransformations.code.tex"
File: pgfcoretransformations.code.tex 2020/01/08 v3.1.5b (3.1.5b)
\pgf@pt@x=\dimen160
\pgf@pt@y=\dimen161
\pgf@pt@temp=\dimen162
)
("C:\Users\alburezgutierrez\AppData\Local\Programs\MiKTeX 2.9\tex\generic\pgf\b
asiclayer\pgfcorequick.code.tex"
File: pgfcorequick.code.tex 2020/01/08 v3.1.5b (3.1.5b)
)
("C:\Users\alburezgutierrez\AppData\Local\Programs\MiKTeX 2.9\tex\generic\pgf\b
asiclayer\pgfcoreobjects.code.tex"
File: pgfcoreobjects.code.tex 2020/01/08 v3.1.5b (3.1.5b)
)
("C:\Users\alburezgutierrez\AppData\Local\Programs\MiKTeX 2.9\tex\generic\pgf\b
asiclayer\pgfcorepathprocessing.code.tex"
File: pgfcorepathprocessing.code.tex 2020/01/08 v3.1.5b (3.1.5b)
)
("C:\Users\alburezgutierrez\AppData\Local\Programs\MiKTeX 2.9\tex\generic\pgf\b
asiclayer\pgfcorearrows.code.tex"
File: pgfcorearrows.code.tex 2020/01/08 v3.1.5b (3.1.5b)
\pgfarrowsep=\dimen163
)
("C:\Users\alburezgutierrez\AppData\Local\Programs\MiKTeX 2.9\tex\generic\pgf\b
asiclayer\pgfcoreshade.code.tex"
File: pgfcoreshade.code.tex 2020/01/08 v3.1.5b (3.1.5b)
\pgf@max=\dimen164
\pgf@sys@shading@range@num=\count118
\pgf@shadingcount=\count119
)
("C:\Users\alburezgutierrez\AppData\Local\Programs\MiKTeX 2.9\tex\generic\pgf\b
asiclayer\pgfcoreimage.code.tex"
File: pgfcoreimage.code.tex 2020/01/08 v3.1.5b (3.1.5b)

("C:\Users\alburezgutierrez\AppData\Local\Programs\MiKTeX 2.9\tex\generic\pgf\b
asiclayer\pgfcoreexternal.code.tex"
File: pgfcoreexternal.code.tex 2020/01/08 v3.1.5b (3.1.5b)
\pgfexternal@startupbox=\box40
))
("C:\Users\alburezgutierrez\AppData\Local\Programs\MiKTeX 2.9\tex\generic\pgf\b
asiclayer\pgfcorelayers.code.tex"
File: pgfcorelayers.code.tex 2020/01/08 v3.1.5b (3.1.5b)
)
("C:\Users\alburezgutierrez\AppData\Local\Programs\MiKTeX 2.9\tex\generic\pgf\b
asiclayer\pgfcoretransparency.code.tex"
File: pgfcoretransparency.code.tex 2020/01/08 v3.1.5b (3.1.5b)
)
("C:\Users\alburezgutierrez\AppData\Local\Programs\MiKTeX 2.9\tex\generic\pgf\b
asiclayer\pgfcorepatterns.code.tex"
File: pgfcorepatterns.code.tex 2020/01/08 v3.1.5b (3.1.5b)
)
("C:\Users\alburezgutierrez\AppData\Local\Programs\MiKTeX 2.9\tex\generic\pgf\b
asiclayer\pgfcorerdf.code.tex"
File: pgfcorerdf.code.tex 2020/01/08 v3.1.5b (3.1.5b)
)))
("C:\Users\alburezgutierrez\AppData\Local\Programs\MiKTeX 2.9\tex\latex\pgf\uti
lities\xxcolor.sty"
Package: xxcolor 2003/10/24 ver 0.1
\XC@nummixins=\count120
\XC@countmixins=\count121
)
("C:\Users\alburezgutierrez\AppData\Local\Programs\MiKTeX 2.9\tex\generic\oberd
iek\atbegshi.sty"
Package: atbegshi 2016/06/09 v1.18 At begin shipout hook (HO)

("C:\Users\alburezgutierrez\AppData\Local\Programs\MiKTeX 2.9\tex\generic\oberd
iek\infwarerr.sty"
Package: infwarerr 2016/05/16 v1.4 Providing info/warning/error messages (HO)
)
("C:\Users\alburezgutierrez\AppData\Local\Programs\MiKTeX 2.9\tex\generic\oberd
iek\ltxcmds.sty"
Package: ltxcmds 2016/05/16 v1.23 LaTeX kernel commands for general use (HO)
))
("C:\Users\alburezgutierrez\AppData\Local\Programs\MiKTeX 2.9\tex\latex\hyperre
f\hyperref.sty"
Package: hyperref 2018/02/06 v6.86b Hypertext links for LaTeX

("C:\Users\alburezgutierrez\AppData\Local\Programs\MiKTeX 2.9\tex\generic\oberd
iek\hobsub-hyperref.sty"
Package: hobsub-hyperref 2016/05/16 v1.14 Bundle oberdiek, subset hyperref (HO)


("C:\Users\alburezgutierrez\AppData\Local\Programs\MiKTeX 2.9\tex\generic\oberd
iek\hobsub-generic.sty"
Package: hobsub-generic 2016/05/16 v1.14 Bundle oberdiek, subset generic (HO)
Package: hobsub 2016/05/16 v1.14 Construct package bundles (HO)
Package hobsub Info: Skipping package `infwarerr' (already loaded).
Package hobsub Info: Skipping package `ltxcmds' (already loaded).
Package: ifluatex 2016/05/16 v1.4 Provides the ifluatex switch (HO)
Package ifluatex Info: LuaTeX not detected.
Package hobsub Info: Skipping package `ifvtex' (already loaded).
Package: intcalc 2016/05/16 v1.2 Expandable calculations with integers (HO)
Package hobsub Info: Skipping package `ifpdf' (already loaded).
Package: etexcmds 2016/05/16 v1.6 Avoid name clashes with e-TeX commands (HO)
Package etexcmds Info: Could not find \expanded.
(etexcmds)             That can mean that you are not using pdfTeX 1.50 or
(etexcmds)             that some package has redefined \expanded.
(etexcmds)             In the latter case, load this package earlier.
Package: kvsetkeys 2016/05/16 v1.17 Key value parser (HO)
Package: kvdefinekeys 2016/05/16 v1.4 Define keys (HO)
Package: pdftexcmds 2018/01/30 v0.27 Utility functions of pdfTeX for LuaTeX (HO
)
Package pdftexcmds Info: LuaTeX not detected.
Package pdftexcmds Info: \pdf@primitive is available.
Package pdftexcmds Info: \pdf@ifprimitive is available.
Package pdftexcmds Info: \pdfdraftmode found.
Package: pdfescape 2016/05/16 v1.14 Implements pdfTeX's escape features (HO)
Package: bigintcalc 2016/05/16 v1.4 Expandable calculations on big integers (HO
)
Package: bitset 2016/05/16 v1.2 Handle bit-vector datatype (HO)
Package: uniquecounter 2016/05/16 v1.3 Provide unlimited unique counter (HO)
)
Package hobsub Info: Skipping package `hobsub' (already loaded).
Package: letltxmacro 2016/05/16 v1.5 Let assignment for LaTeX macros (HO)
Package: hopatch 2016/05/16 v1.3 Wrapper for package hooks (HO)
Package: xcolor-patch 2016/05/16 xcolor patch
Package: atveryend 2016/05/16 v1.9 Hooks at the very end of document (HO)
Package hobsub Info: Skipping package `atbegshi' (already loaded).
Package: refcount 2016/05/16 v3.5 Data extraction from label references (HO)
Package: hycolor 2016/05/16 v1.8 Color options for hyperref/bookmark (HO)
)
("C:\Users\alburezgutierrez\AppData\Local\Programs\MiKTeX 2.9\tex\latex\oberdie
k\auxhook.sty"
Package: auxhook 2016/05/16 v1.4 Hooks for auxiliary files (HO)
)
("C:\Users\alburezgutierrez\AppData\Local\Programs\MiKTeX 2.9\tex\latex\oberdie
k\kvoptions.sty"
Package: kvoptions 2016/05/16 v3.12 Key value format for package options (HO)
)
\@linkdim=\dimen165
\Hy@linkcounter=\count122
\Hy@pagecounter=\count123

("C:\Users\alburezgutierrez\AppData\Local\Programs\MiKTeX 2.9\tex\latex\hyperre
f\pd1enc.def"
File: pd1enc.def 2018/02/06 v6.86b Hyperref: PDFDocEncoding definition (HO)
Now handling font encoding PD1 ...
... no UTF-8 mapping file for font encoding PD1
)
\Hy@SavedSpaceFactor=\count124

("C:\Users\alburezgutierrez\AppData\Local\Programs\MiKTeX 2.9\tex\latex\00mikte
x\hyperref.cfg"
File: hyperref.cfg 2002/06/06 v1.2 hyperref configuration of TeXLive
)
Package hyperref Info: Option `unicode' set `true' on input line 4383.

("C:\Users\alburezgutierrez\AppData\Local\Programs\MiKTeX 2.9\tex\latex\hyperre
f\puenc.def"
File: puenc.def 2018/02/06 v6.86b Hyperref: PDF Unicode definition (HO)
Now handling font encoding PU ...
... no UTF-8 mapping file for font encoding PU
)
Package hyperref Info: Option `bookmarks' set `true' on input line 4383.
Package hyperref Info: Option `bookmarksopen' set `true' on input line 4383.
Package hyperref Info: Option `implicit' set `false' on input line 4383.
Package hyperref Info: Hyper figures OFF on input line 4509.
Package hyperref Info: Link nesting OFF on input line 4514.
Package hyperref Info: Hyper index ON on input line 4517.
Package hyperref Info: Plain pages OFF on input line 4524.
Package hyperref Info: Backreferencing OFF on input line 4529.
Package hyperref Info: Implicit mode OFF; no redefinition of LaTeX internals.
Package hyperref Info: Bookmarks ON on input line 4762.
\c@Hy@tempcnt=\count125

("C:\Users\alburezgutierrez\AppData\Local\Programs\MiKTeX 2.9\tex\latex\url\url
.sty"
\Urlmuskip=\muskip10
Package: url 2013/09/16  ver 3.4  Verb mode for urls, etc.
)
LaTeX Info: Redefining \url on input line 5115.
\XeTeXLinkMargin=\dimen166
\Fld@menulength=\count126
\Field@Width=\dimen167
\Fld@charsize=\dimen168
Package hyperref Info: Hyper figures OFF on input line 6369.
Package hyperref Info: Link nesting OFF on input line 6374.
Package hyperref Info: Hyper index ON on input line 6377.
Package hyperref Info: backreferencing OFF on input line 6384.
Package hyperref Info: Link coloring OFF on input line 6389.
Package hyperref Info: Link coloring with OCG OFF on input line 6394.
Package hyperref Info: PDF/A mode OFF on input line 6399.
LaTeX Info: Redefining \ref on input line 6439.
LaTeX Info: Redefining \pageref on input line 6443.
\Hy@abspage=\count127

Package hyperref Message: Stopped early.

)
Package hyperref Info: Driver (autodetected): hpdftex.

("C:\Users\alburezgutierrez\AppData\Local\Programs\MiKTeX 2.9\tex\latex\hyperre
f\hpdftex.def"
File: hpdftex.def 2018/02/06 v6.86b Hyperref driver for pdfTeX
\Fld@listcount=\count128
\c@bookmark@seq@number=\count129

("C:\Users\alburezgutierrez\AppData\Local\Programs\MiKTeX 2.9\tex\latex\oberdie
k\rerunfilecheck.sty"
Package: rerunfilecheck 2016/05/16 v1.8 Rerun checks for auxiliary files (HO)
Package uniquecounter Info: New unique counter `rerunfilecheck' on input line 2
82.
))
("C:\Users\alburezgutierrez\AppData\Local\Programs\MiKTeX 2.9\tex\latex\beamer\
beamerbaserequires.sty"
("C:\Users\alburezgutierrez\AppData\Local\Programs\MiKTeX 2.9\tex\latex\beamer\
beamerbasecompatibility.sty")
("C:\Users\alburezgutierrez\AppData\Local\Programs\MiKTeX 2.9\tex\latex\beamer\
beamerbasefont.sty"
("C:\Users\alburezgutierrez\AppData\Local\Programs\MiKTeX 2.9\tex\latex\amsfont
s\amssymb.sty"
Package: amssymb 2013/01/14 v3.01 AMS font symbols

("C:\Users\alburezgutierrez\AppData\Local\Programs\MiKTeX 2.9\tex\latex\amsfont
s\amsfonts.sty"
Package: amsfonts 2013/01/14 v3.01 Basic AMSFonts support
\@emptytoks=\toks26
\symAMSa=\mathgroup4
\symAMSb=\mathgroup5
LaTeX Font Info:    Overwriting math alphabet `\mathfrak' in version `bold'
(Font)                  U/euf/m/n --> U/euf/b/n on input line 106.
))
("C:\Users\alburezgutierrez\AppData\Local\Programs\MiKTeX 2.9\tex\latex\sansmat
haccent\sansmathaccent.sty"
Package: sansmathaccent 2020/01/31

("C:\Users\alburezgutierrez\AppData\Local\Programs\MiKTeX 2.9\tex\latex\koma-sc
ript\scrlfile.sty"
Package: scrlfile 2020/01/24 v3.29 KOMA-Script package (loading files)
)))
("C:\Users\alburezgutierrez\AppData\Local\Programs\MiKTeX 2.9\tex\latex\beamer\
beamerbasetranslator.sty"
("C:\Users\alburezgutierrez\AppData\Local\Programs\MiKTeX 2.9\tex\latex\transla
tor\translator.sty"
Package: translator 2019-05-31 v1.12a Easy translation of strings in LaTeX
))
("C:\Users\alburezgutierrez\AppData\Local\Programs\MiKTeX 2.9\tex\latex\beamer\
beamerbasemisc.sty")
("C:\Users\alburezgutierrez\AppData\Local\Programs\MiKTeX 2.9\tex\latex\beamer\
beamerbasetwoscreens.sty")
("C:\Users\alburezgutierrez\AppData\Local\Programs\MiKTeX 2.9\tex\latex\beamer\
beamerbaseoverlay.sty"
\beamer@argscount=\count130
\beamer@lastskipcover=\skip44
\beamer@trivlistdepth=\count131
)
("C:\Users\alburezgutierrez\AppData\Local\Programs\MiKTeX 2.9\tex\latex\beamer\
beamerbasetitle.sty")
("C:\Users\alburezgutierrez\AppData\Local\Programs\MiKTeX 2.9\tex\latex\beamer\
beamerbasesection.sty"
\c@lecture=\count132
\c@part=\count133
\c@section=\count134
\c@subsection=\count135
\c@subsubsection=\count136
)
("C:\Users\alburezgutierrez\AppData\Local\Programs\MiKTeX 2.9\tex\latex\beamer\
beamerbaseframe.sty"
\beamer@framebox=\box41
\beamer@frametitlebox=\box42
\beamer@zoombox=\box43
\beamer@zoomcount=\count137
\beamer@zoomframecount=\count138
\beamer@frametextheight=\dimen169
\c@subsectionslide=\count139
\beamer@frametopskip=\skip45
\beamer@framebottomskip=\skip46
\beamer@frametopskipautobreak=\skip47
\beamer@framebottomskipautobreak=\skip48
\beamer@envbody=\toks27
\framewidth=\dimen170
\c@framenumber=\count140
)
("C:\Users\alburezgutierrez\AppData\Local\Programs\MiKTeX 2.9\tex\latex\beamer\
beamerbaseverbatim.sty"
\beamer@verbatimfileout=\write4
)
("C:\Users\alburezgutierrez\AppData\Local\Programs\MiKTeX 2.9\tex\latex\beamer\
beamerbaseframesize.sty"
\beamer@splitbox=\box44
\beamer@autobreakcount=\count141
\beamer@autobreaklastheight=\dimen171
\beamer@frametitletoks=\toks28
\beamer@framesubtitletoks=\toks29
)
("C:\Users\alburezgutierrez\AppData\Local\Programs\MiKTeX 2.9\tex\latex\beamer\
beamerbaseframecomponents.sty"
\beamer@footins=\box45
)
("C:\Users\alburezgutierrez\AppData\Local\Programs\MiKTeX 2.9\tex\latex\beamer\
beamerbasecolor.sty")
("C:\Users\alburezgutierrez\AppData\Local\Programs\MiKTeX 2.9\tex\latex\beamer\
beamerbasenotes.sty"
\beamer@frameboxcopy=\box46
)
("C:\Users\alburezgutierrez\AppData\Local\Programs\MiKTeX 2.9\tex\latex\beamer\
beamerbasetoc.sty")
("C:\Users\alburezgutierrez\AppData\Local\Programs\MiKTeX 2.9\tex\latex\beamer\
beamerbasetemplates.sty"
\beamer@sbttoks=\toks30

("C:\Users\alburezgutierrez\AppData\Local\Programs\MiKTeX 2.9\tex\latex\beamer\
beamerbaseauxtemplates.sty"
("C:\Users\alburezgutierrez\AppData\Local\Programs\MiKTeX 2.9\tex\latex\beamer\
beamerbaseboxes.sty"
\bmb@box=\box47
\bmb@colorbox=\box48
\bmb@boxshadow=\box49
\bmb@boxshadowball=\box50
\bmb@boxshadowballlarge=\box51
\bmb@temp=\dimen172
\bmb@dima=\dimen173
\bmb@dimb=\dimen174
\bmb@prevheight=\dimen175
)
\beamer@blockheadheight=\dimen176
))
("C:\Users\alburezgutierrez\AppData\Local\Programs\MiKTeX 2.9\tex\latex\beamer\
beamerbaselocalstructure.sty"
("C:\Users\alburezgutierrez\AppData\Local\Programs\MiKTeX 2.9\tex\latex\tools\e
numerate.sty"
Package: enumerate 2015/07/23 v3.00 enumerate extensions (DPC)
\@enLab=\toks31
)
\c@figure=\count142
\c@table=\count143
\abovecaptionskip=\skip49
\belowcaptionskip=\skip50
)
("C:\Users\alburezgutierrez\AppData\Local\Programs\MiKTeX 2.9\tex\latex\beamer\
beamerbasenavigation.sty"
\beamer@section@min@dim=\dimen177
)
("C:\Users\alburezgutierrez\AppData\Local\Programs\MiKTeX 2.9\tex\latex\beamer\
beamerbasetheorems.sty"
("C:\Users\alburezgutierrez\AppData\Local\Programs\MiKTeX 2.9\tex\latex\amsmath
\amsmath.sty"
Package: amsmath 2017/09/02 v2.17a AMS math features
\@mathmargin=\skip51
For additional information on amsmath, use the `?' option.

("C:\Users\alburezgutierrez\AppData\Local\Programs\MiKTeX 2.9\tex\latex\amsmath
\amstext.sty"
Package: amstext 2000/06/29 v2.01 AMS text

("C:\Users\alburezgutierrez\AppData\Local\Programs\MiKTeX 2.9\tex\latex\amsmath
\amsgen.sty"
File: amsgen.sty 1999/11/30 v2.0 generic functions
\@emptytoks=\toks32
\ex@=\dimen178
))
("C:\Users\alburezgutierrez\AppData\Local\Programs\MiKTeX 2.9\tex\latex\amsmath
\amsbsy.sty"
Package: amsbsy 1999/11/29 v1.2d Bold Symbols
\pmbraise@=\dimen179
)
("C:\Users\alburezgutierrez\AppData\Local\Programs\MiKTeX 2.9\tex\latex\amsmath
\amsopn.sty"
Package: amsopn 2016/03/08 v2.02 operator names
)
\inf@bad=\count144
LaTeX Info: Redefining \frac on input line 213.
\uproot@=\count145
\leftroot@=\count146
LaTeX Info: Redefining \overline on input line 375.
\classnum@=\count147
\DOTSCASE@=\count148
LaTeX Info: Redefining \ldots on input line 472.
LaTeX Info: Redefining \dots on input line 475.
LaTeX Info: Redefining \cdots on input line 596.
\Mathstrutbox@=\box52
\strutbox@=\box53
\big@size=\dimen180
LaTeX Font Info:    Redeclaring font encoding OML on input line 712.
LaTeX Font Info:    Redeclaring font encoding OMS on input line 713.
\macc@depth=\count149
\c@MaxMatrixCols=\count150
\dotsspace@=\muskip11
\c@parentequation=\count151
\dspbrk@lvl=\count152
\tag@help=\toks33
\row@=\count153
\column@=\count154
\maxfields@=\count155
\andhelp@=\toks34
\eqnshift@=\dimen181
\alignsep@=\dimen182
\tagshift@=\dimen183
\tagwidth@=\dimen184
\totwidth@=\dimen185
\lineht@=\dimen186
\@envbody=\toks35
\multlinegap=\skip52
\multlinetaggap=\skip53
\mathdisplay@stack=\toks36
LaTeX Info: Redefining \[ on input line 2817.
LaTeX Info: Redefining \] on input line 2818.
)
("C:\Users\alburezgutierrez\AppData\Local\Programs\MiKTeX 2.9\tex\latex\amscls\
amsthm.sty"
Package: amsthm 2017/10/31 v2.20.4
\thm@style=\toks37
\thm@bodyfont=\toks38
\thm@headfont=\toks39
\thm@notefont=\toks40
\thm@headpunct=\toks41
\thm@preskip=\skip54
\thm@postskip=\skip55
\thm@headsep=\skip56
\dth@everypar=\toks42
)
\c@theorem=\count156
)
("C:\Users\alburezgutierrez\AppData\Local\Programs\MiKTeX 2.9\tex\latex\beamer\
beamerbasethemes.sty"))
("C:\Users\alburezgutierrez\AppData\Local\Programs\MiKTeX 2.9\tex\latex\beamer\
beamerthemedefault.sty"
("C:\Users\alburezgutierrez\AppData\Local\Programs\MiKTeX 2.9\tex\latex\beamer\
beamerfontthemedefault.sty")
("C:\Users\alburezgutierrez\AppData\Local\Programs\MiKTeX 2.9\tex\latex\beamer\
beamercolorthemedefault.sty")
("C:\Users\alburezgutierrez\AppData\Local\Programs\MiKTeX 2.9\tex\latex\beamer\
beamerinnerthemedefault.sty"
\beamer@dima=\dimen187
\beamer@dimb=\dimen188
)
("C:\Users\alburezgutierrez\AppData\Local\Programs\MiKTeX 2.9\tex\latex\beamer\
beamerouterthemedefault.sty")))
("C:\Users\alburezgutierrez\AppData\Local\Programs\MiKTeX 2.9\tex\latex\pgf\uti
lities\pgfpages.sty"
Package: pgfpages 2011/01/05 ver 0.02

("C:\Users\alburezgutierrez\AppData\Local\Programs\MiKTeX 2.9\tex\latex\tools\c
alc.sty"
Package: calc 2017/05/25 v4.3 Infix arithmetic (KKT,FJ)
\calc@Acount=\count157
\calc@Bcount=\count158
\calc@Adimen=\dimen189
\calc@Bdimen=\dimen190
\calc@Askip=\skip57
\calc@Bskip=\skip58
LaTeX Info: Redefining \setlength on input line 80.
LaTeX Info: Redefining \addtolength on input line 81.
\calc@Ccount=\count159
\calc@Cskip=\skip59
)
\pgf@logicalpages=\count160
\pgf@firstshipout=\count161
\pgf@lastshipout=\count162
\pgf@currentshipout=\count163
\pgf@cpn=\count164
\pgf@shipoutnextto=\count165
\pgfphysicalheight=\dimen191
\pgfphysicalwidth=\dimen192
\pgfpages@shipoutbox=\box54
)
("C:\Users\alburezgutierrez\AppData\Local\Programs\MiKTeX 2.9\tex\latex\lm\lmod
ern.sty"
Package: lmodern 2009/10/30 v1.6 Latin Modern Fonts
LaTeX Font Info:    Overwriting symbol font `operators' in version `normal'
(Font)                  OT1/cmr/m/n --> OT1/lmr/m/n on input line 22.
LaTeX Font Info:    Overwriting symbol font `letters' in version `normal'
(Font)                  OML/cmm/m/it --> OML/lmm/m/it on input line 23.
LaTeX Font Info:    Overwriting symbol font `symbols' in version `normal'
(Font)                  OMS/cmsy/m/n --> OMS/lmsy/m/n on input line 24.
LaTeX Font Info:    Overwriting symbol font `largesymbols' in version `normal'
(Font)                  OMX/cmex/m/n --> OMX/lmex/m/n on input line 25.
LaTeX Font Info:    Overwriting symbol font `operators' in version `bold'
(Font)                  OT1/cmr/bx/n --> OT1/lmr/bx/n on input line 26.
LaTeX Font Info:    Overwriting symbol font `letters' in version `bold'
(Font)                  OML/cmm/b/it --> OML/lmm/b/it on input line 27.
LaTeX Font Info:    Overwriting symbol font `symbols' in version `bold'
(Font)                  OMS/cmsy/b/n --> OMS/lmsy/b/n on input line 28.
LaTeX Font Info:    Overwriting symbol font `largesymbols' in version `bold'
(Font)                  OMX/cmex/m/n --> OMX/lmex/m/n on input line 29.
LaTeX Font Info:    Overwriting math alphabet `\mathbf' in version `normal'
(Font)                  OT1/cmr/bx/n --> OT1/lmr/bx/n on input line 31.
LaTeX Font Info:    Overwriting math alphabet `\mathsf' in version `normal'
(Font)                  OT1/cmss/m/n --> OT1/lmss/m/n on input line 32.
LaTeX Font Info:    Overwriting math alphabet `\mathit' in version `normal'
(Font)                  OT1/cmr/m/it --> OT1/lmr/m/it on input line 33.
LaTeX Font Info:    Overwriting math alphabet `\mathtt' in version `normal'
(Font)                  OT1/cmtt/m/n --> OT1/lmtt/m/n on input line 34.
LaTeX Font Info:    Overwriting math alphabet `\mathbf' in version `bold'
(Font)                  OT1/cmr/bx/n --> OT1/lmr/bx/n on input line 35.
LaTeX Font Info:    Overwriting math alphabet `\mathsf' in version `bold'
(Font)                  OT1/cmss/bx/n --> OT1/lmss/bx/n on input line 36.
LaTeX Font Info:    Overwriting math alphabet `\mathit' in version `bold'
(Font)                  OT1/cmr/bx/it --> OT1/lmr/bx/it on input line 37.
LaTeX Font Info:    Overwriting math alphabet `\mathtt' in version `bold'
(Font)                  OT1/cmtt/m/n --> OT1/lmtt/m/n on input line 38.
)
("C:\Users\alburezgutierrez\AppData\Local\Programs\MiKTeX 2.9\tex\latex\base\fo
ntenc.sty"
Package: fontenc 2017/04/05 v2.0i Standard LaTeX package

("C:\Users\alburezgutierrez\AppData\Local\Programs\MiKTeX 2.9\tex\latex\base\t1
enc.def"
File: t1enc.def 2017/04/05 v2.0i Standard LaTeX file
LaTeX Font Info:    Redeclaring font encoding T1 on input line 48.
))
("C:\Users\alburezgutierrez\AppData\Local\Programs\MiKTeX 2.9\tex\latex\base\in
putenc.sty"
Package: inputenc 2018/04/06 v1.3b Input encoding file
\inpenc@prehook=\toks43
\inpenc@posthook=\toks44
)
("C:\Users\alburezgutierrez\AppData\Local\Programs\MiKTeX 2.9\tex\latex\base\te
xtcomp.sty"
Package: textcomp 2017/04/05 v2.0i Standard LaTeX package
Package textcomp Info: Sub-encoding information:
(textcomp)               5 = only ISO-Adobe without \textcurrency
(textcomp)               4 = 5 + \texteuro
(textcomp)               3 = 4 + \textohm
(textcomp)               2 = 3 + \textestimated + \textcurrency
(textcomp)               1 = TS1 - \textcircled - \t
(textcomp)               0 = TS1 (full)
(textcomp)             Font families with sub-encoding setting implement
(textcomp)             only a restricted character set as indicated.
(textcomp)             Family '?' is the default used for unknown fonts.
(textcomp)             See the documentation for details.
Package textcomp Info: Setting ? sub-encoding to TS1/1 on input line 79.

("C:\Users\alburezgutierrez\AppData\Local\Programs\MiKTeX 2.9\tex\latex\base\ts
1enc.def"
File: ts1enc.def 2001/06/05 v3.0e (jk/car/fm) Standard LaTeX file
Now handling font encoding TS1 ...
... processing UTF-8 mapping file for font encoding TS1

("C:\Users\alburezgutierrez\AppData\Local\Programs\MiKTeX 2.9\tex\latex\base\ts
1enc.dfu"
File: ts1enc.dfu 2018/04/05 v1.2c UTF-8 support for inputenc
   defining Unicode char U+00A2 (decimal 162)
   defining Unicode char U+00A3 (decimal 163)
   defining Unicode char U+00A4 (decimal 164)
   defining Unicode char U+00A5 (decimal 165)
   defining Unicode char U+00A6 (decimal 166)
   defining Unicode char U+00A7 (decimal 167)
   defining Unicode char U+00A8 (decimal 168)
   defining Unicode char U+00A9 (decimal 169)
   defining Unicode char U+00AA (decimal 170)
   defining Unicode char U+00AC (decimal 172)
   defining Unicode char U+00AE (decimal 174)
   defining Unicode char U+00AF (decimal 175)
   defining Unicode char U+00B0 (decimal 176)
   defining Unicode char U+00B1 (decimal 177)
   defining Unicode char U+00B2 (decimal 178)
   defining Unicode char U+00B3 (decimal 179)
   defining Unicode char U+00B4 (decimal 180)
   defining Unicode char U+00B5 (decimal 181)
   defining Unicode char U+00B6 (decimal 182)
   defining Unicode char U+00B7 (decimal 183)
   defining Unicode char U+00B9 (decimal 185)
   defining Unicode char U+00BA (decimal 186)
   defining Unicode char U+00BC (decimal 188)
   defining Unicode char U+00BD (decimal 189)
   defining Unicode char U+00BE (decimal 190)
   defining Unicode char U+00D7 (decimal 215)
   defining Unicode char U+00F7 (decimal 247)
   defining Unicode char U+0192 (decimal 402)
   defining Unicode char U+02C7 (decimal 711)
   defining Unicode char U+02D8 (decimal 728)
   defining Unicode char U+02DD (decimal 733)
   defining Unicode char U+0E3F (decimal 3647)
   defining Unicode char U+2016 (decimal 8214)
   defining Unicode char U+2020 (decimal 8224)
   defining Unicode char U+2021 (decimal 8225)
   defining Unicode char U+2022 (decimal 8226)
   defining Unicode char U+2030 (decimal 8240)
   defining Unicode char U+2031 (decimal 8241)
   defining Unicode char U+203B (decimal 8251)
   defining Unicode char U+203D (decimal 8253)
   defining Unicode char U+2044 (decimal 8260)
   defining Unicode char U+204E (decimal 8270)
   defining Unicode char U+2052 (decimal 8274)
   defining Unicode char U+20A1 (decimal 8353)
   defining Unicode char U+20A4 (decimal 8356)
   defining Unicode char U+20A6 (decimal 8358)
   defining Unicode char U+20A9 (decimal 8361)
   defining Unicode char U+20AB (decimal 8363)
   defining Unicode char U+20AC (decimal 8364)
   defining Unicode char U+20B1 (decimal 8369)
   defining Unicode char U+2103 (decimal 8451)
   defining Unicode char U+2116 (decimal 8470)
   defining Unicode char U+2117 (decimal 8471)
   defining Unicode char U+211E (decimal 8478)
   defining Unicode char U+2120 (decimal 8480)
   defining Unicode char U+2122 (decimal 8482)
   defining Unicode char U+2126 (decimal 8486)
   defining Unicode char U+2127 (decimal 8487)
   defining Unicode char U+212E (decimal 8494)
   defining Unicode char U+2190 (decimal 8592)
   defining Unicode char U+2191 (decimal 8593)
   defining Unicode char U+2192 (decimal 8594)
   defining Unicode char U+2193 (decimal 8595)
   defining Unicode char U+2329 (decimal 9001)
   defining Unicode char U+232A (decimal 9002)
   defining Unicode char U+2422 (decimal 9250)
   defining Unicode char U+25E6 (decimal 9702)
   defining Unicode char U+25EF (decimal 9711)
   defining Unicode char U+266A (decimal 9834)
   defining Unicode char U+FEFF (decimal 65279)
))
LaTeX Info: Redefining \oldstylenums on input line 334.
Package textcomp Info: Setting cmr sub-encoding to TS1/0 on input line 349.
Package textcomp Info: Setting cmss sub-encoding to TS1/0 on input line 350.
Package textcomp Info: Setting cmtt sub-encoding to TS1/0 on input line 351.
Package textcomp Info: Setting cmvtt sub-encoding to TS1/0 on input line 352.
Package textcomp Info: Setting cmbr sub-encoding to TS1/0 on input line 353.
Package textcomp Info: Setting cmtl sub-encoding to TS1/0 on input line 354.
Package textcomp Info: Setting ccr sub-encoding to TS1/0 on input line 355.
Package textcomp Info: Setting ptm sub-encoding to TS1/4 on input line 356.
Package textcomp Info: Setting pcr sub-encoding to TS1/4 on input line 357.
Package textcomp Info: Setting phv sub-encoding to TS1/4 on input line 358.
Package textcomp Info: Setting ppl sub-encoding to TS1/3 on input line 359.
Package textcomp Info: Setting pag sub-encoding to TS1/4 on input line 360.
Package textcomp Info: Setting pbk sub-encoding to TS1/4 on input line 361.
Package textcomp Info: Setting pnc sub-encoding to TS1/4 on input line 362.
Package textcomp Info: Setting pzc sub-encoding to TS1/4 on input line 363.
Package textcomp Info: Setting bch sub-encoding to TS1/4 on input line 364.
Package textcomp Info: Setting put sub-encoding to TS1/5 on input line 365.
Package textcomp Info: Setting uag sub-encoding to TS1/5 on input line 366.
Package textcomp Info: Setting ugq sub-encoding to TS1/5 on input line 367.
Package textcomp Info: Setting ul8 sub-encoding to TS1/4 on input line 368.
Package textcomp Info: Setting ul9 sub-encoding to TS1/4 on input line 369.
Package textcomp Info: Setting augie sub-encoding to TS1/5 on input line 370.
Package textcomp Info: Setting dayrom sub-encoding to TS1/3 on input line 371.
Package textcomp Info: Setting dayroms sub-encoding to TS1/3 on input line 372.

Package textcomp Info: Setting pxr sub-encoding to TS1/0 on input line 373.
Package textcomp Info: Setting pxss sub-encoding to TS1/0 on input line 374.
Package textcomp Info: Setting pxtt sub-encoding to TS1/0 on input line 375.
Package textcomp Info: Setting txr sub-encoding to TS1/0 on input line 376.
Package textcomp Info: Setting txss sub-encoding to TS1/0 on input line 377.
Package textcomp Info: Setting txtt sub-encoding to TS1/0 on input line 378.
Package textcomp Info: Setting lmr sub-encoding to TS1/0 on input line 379.
Package textcomp Info: Setting lmdh sub-encoding to TS1/0 on input line 380.
Package textcomp Info: Setting lmss sub-encoding to TS1/0 on input line 381.
Package textcomp Info: Setting lmssq sub-encoding to TS1/0 on input line 382.
Package textcomp Info: Setting lmvtt sub-encoding to TS1/0 on input line 383.
Package textcomp Info: Setting lmtt sub-encoding to TS1/0 on input line 384.
Package textcomp Info: Setting qhv sub-encoding to TS1/0 on input line 385.
Package textcomp Info: Setting qag sub-encoding to TS1/0 on input line 386.
Package textcomp Info: Setting qbk sub-encoding to TS1/0 on input line 387.
Package textcomp Info: Setting qcr sub-encoding to TS1/0 on input line 388.
Package textcomp Info: Setting qcs sub-encoding to TS1/0 on input line 389.
Package textcomp Info: Setting qpl sub-encoding to TS1/0 on input line 390.
Package textcomp Info: Setting qtm sub-encoding to TS1/0 on input line 391.
Package textcomp Info: Setting qzc sub-encoding to TS1/0 on input line 392.
Package textcomp Info: Setting qhvc sub-encoding to TS1/0 on input line 393.
Package textcomp Info: Setting futs sub-encoding to TS1/4 on input line 394.
Package textcomp Info: Setting futx sub-encoding to TS1/4 on input line 395.
Package textcomp Info: Setting futj sub-encoding to TS1/4 on input line 396.
Package textcomp Info: Setting hlh sub-encoding to TS1/3 on input line 397.
Package textcomp Info: Setting hls sub-encoding to TS1/3 on input line 398.
Package textcomp Info: Setting hlst sub-encoding to TS1/3 on input line 399.
Package textcomp Info: Setting hlct sub-encoding to TS1/5 on input line 400.
Package textcomp Info: Setting hlx sub-encoding to TS1/5 on input line 401.
Package textcomp Info: Setting hlce sub-encoding to TS1/5 on input line 402.
Package textcomp Info: Setting hlcn sub-encoding to TS1/5 on input line 403.
Package textcomp Info: Setting hlcw sub-encoding to TS1/5 on input line 404.
Package textcomp Info: Setting hlcf sub-encoding to TS1/5 on input line 405.
Package textcomp Info: Setting pplx sub-encoding to TS1/3 on input line 406.
Package textcomp Info: Setting pplj sub-encoding to TS1/3 on input line 407.
Package textcomp Info: Setting ptmx sub-encoding to TS1/4 on input line 408.
Package textcomp Info: Setting ptmj sub-encoding to TS1/4 on input line 409.
)

! Sorry, but C:\Users\ALBURE~1\AppData\Local\Programs\MIKTEX~1.9\miktex\bin\x64\pdflatex.exe did not succeed.

! The log file hopefully contains the information to get MiKTeX going again:

!   C:/Users/alburezgutierrez/AppData/Local/MiKTeX/2.9/miktex/log/pdflatex.log

! You may want to visit the MiKTeX project page, if you need help.
