This is pdfTeX, Version 3.14159265-2.6-1.40.19 (MiKTeX 2.9.6670 64-bit) (preloaded format=pdflatex 2020.3.17)  1 APR 2020 14:07
entering extended mode
**./4_computational.tex
(4_computational.tex
LaTeX2e <2018-04-01> patch level 2
Babel <3.18> and hyphenation patterns for 75 language(s) loaded.

("C:\Users\alburezgutierrez\AppData\Local\Programs\MiKTeX 2.9\tex\latex\beamer\
beamer.cls"
Document Class: beamer 2019/09/29 v3.57 A class for typesetting presentations

("C:\Users\alburezgutierrez\AppData\Local\Programs\MiKTeX 2.9\tex\latex\beamer\
beamerbasemodes.sty"
("C:\Users\alburezgutierrez\AppData\Local\Programs\MiKTeX 2.9\tex\latex\etoolbo
x\etoolbox.sty"
Package: etoolbox 2019/09/21 v2.5h e-TeX tools for LaTeX (JAW)
\etb@tempcnta=\count80
)
\beamer@tempbox=\box26
\beamer@tempcount=\count81
\c@beamerpauses=\count82

("C:\Users\alburezgutierrez\AppData\Local\Programs\MiKTeX 2.9\tex\latex\beamer\
beamerbasedecode.sty"
\beamer@slideinframe=\count83
\beamer@minimum=\count84
\beamer@decode@box=\box27
)
\beamer@commentbox=\box28
\beamer@modecount=\count85
)
("C:\Users\alburezgutierrez\AppData\Local\Programs\MiKTeX 2.9\tex\generic\oberd
iek\ifpdf.sty"
Package: ifpdf 2017/03/15 v3.2 Provides the ifpdf switch
)
\headdp=\dimen102
\footheight=\dimen103
\sidebarheight=\dimen104
\beamer@tempdim=\dimen105
\beamer@finalheight=\dimen106
\beamer@animht=\dimen107
\beamer@animdp=\dimen108
\beamer@animwd=\dimen109
\beamer@leftmargin=\dimen110
\beamer@rightmargin=\dimen111
\beamer@leftsidebar=\dimen112
\beamer@rightsidebar=\dimen113
\beamer@boxsize=\dimen114
\beamer@vboxoffset=\dimen115
\beamer@descdefault=\dimen116
\beamer@descriptionwidth=\dimen117
\beamer@lastskip=\skip41
\beamer@areabox=\box29
\beamer@animcurrent=\box30
\beamer@animshowbox=\box31
\beamer@sectionbox=\box32
\beamer@logobox=\box33
\beamer@linebox=\box34
\beamer@sectioncount=\count86
\beamer@subsubsectionmax=\count87
\beamer@subsectionmax=\count88
\beamer@sectionmax=\count89
\beamer@totalheads=\count90
\beamer@headcounter=\count91
\beamer@partstartpage=\count92
\beamer@sectionstartpage=\count93
\beamer@subsectionstartpage=\count94
\beamer@animationtempa=\count95
\beamer@animationtempb=\count96
\beamer@xpos=\count97
\beamer@ypos=\count98
\beamer@ypos@offset=\count99
\beamer@showpartnumber=\count100
\beamer@currentsubsection=\count101
\beamer@coveringdepth=\count102
\beamer@sectionadjust=\count103
\beamer@tocsectionnumber=\count104

("C:\Users\alburezgutierrez\AppData\Local\Programs\MiKTeX 2.9\tex\latex\beamer\
beamerbaseoptions.sty"
("C:\Users\alburezgutierrez\AppData\Local\Programs\MiKTeX 2.9\tex\latex\graphic
s\keyval.sty"
Package: keyval 2014/10/28 v1.15 key=value parser (DPC)
\KV@toks@=\toks14
))
\beamer@paperwidth=\skip42
\beamer@paperheight=\skip43

("C:\Users\alburezgutierrez\AppData\Local\Programs\MiKTeX 2.9\tex\latex\geometr
y\geometry.sty"
Package: geometry 2018/03/24 v5.7 Page Geometry

("C:\Users\alburezgutierrez\AppData\Local\Programs\MiKTeX 2.9\tex\generic\oberd
iek\ifvtex.sty"
Package: ifvtex 2016/05/16 v1.6 Detect VTeX and its facilities (HO)
Package ifvtex Info: VTeX not detected.
)
("C:\Users\alburezgutierrez\AppData\Local\Programs\MiKTeX 2.9\tex\generic\ifxet
ex\ifxetex.sty"
Package: ifxetex 2010/09/12 v0.6 Provides ifxetex conditional
)
\Gm@cnth=\count105
\Gm@cntv=\count106
\c@Gm@tempcnt=\count107
\Gm@bindingoffset=\dimen118
\Gm@wd@mp=\dimen119
\Gm@odd@mp=\dimen120
\Gm@even@mp=\dimen121
\Gm@layoutwidth=\dimen122
\Gm@layoutheight=\dimen123
\Gm@layouthoffset=\dimen124
\Gm@layoutvoffset=\dimen125
\Gm@dimlist=\toks15

("C:\Users\alburezgutierrez\AppData\Local\Programs\MiKTeX 2.9\tex\latex\geometr
y\geometry.cfg"))
("C:\Users\alburezgutierrez\AppData\Local\Programs\MiKTeX 2.9\tex\latex\base\si
ze11.clo"
File: size11.clo 2014/09/29 v1.4h Standard LaTeX file (size option)
)
("C:\Users\alburezgutierrez\AppData\Local\Programs\MiKTeX 2.9\tex\latex\pgf\bas
iclayer\pgfcore.sty"
("C:\Users\alburezgutierrez\AppData\Local\Programs\MiKTeX 2.9\tex\latex\graphic
s\graphicx.sty"
Package: graphicx 2017/06/01 v1.1a Enhanced LaTeX Graphics (DPC,SPQR)

("C:\Users\alburezgutierrez\AppData\Local\Programs\MiKTeX 2.9\tex\latex\graphic
s\graphics.sty"
Package: graphics 2017/06/25 v1.2c Standard LaTeX Graphics (DPC,SPQR)

("C:\Users\alburezgutierrez\AppData\Local\Programs\MiKTeX 2.9\tex\latex\graphic
s\trig.sty"
Package: trig 2016/01/03 v1.10 sin cos tan (DPC)
)
("C:\Users\alburezgutierrez\AppData\Local\Programs\MiKTeX 2.9\tex\latex\graphic
s-cfg\graphics.cfg"
File: graphics.cfg 2016/06/04 v1.11 sample graphics configuration
)
Package graphics Info: Driver file: pdftex.def on input line 99.

("C:\Users\alburezgutierrez\AppData\Local\Programs\MiKTeX 2.9\tex\latex\graphic
s-def\pdftex.def"
File: pdftex.def 2018/01/08 v1.0l Graphics/color driver for pdftex
))
\Gin@req@height=\dimen126
\Gin@req@width=\dimen127
)
("C:\Users\alburezgutierrez\AppData\Local\Programs\MiKTeX 2.9\tex\latex\pgf\sys
temlayer\pgfsys.sty"
("C:\Users\alburezgutierrez\AppData\Local\Programs\MiKTeX 2.9\tex\latex\pgf\uti
lities\pgfrcs.sty"
("C:\Users\alburezgutierrez\AppData\Local\Programs\MiKTeX 2.9\tex\generic\pgf\u
tilities\pgfutil-common.tex"
\pgfutil@everybye=\toks16
\pgfutil@tempdima=\dimen128
\pgfutil@tempdimb=\dimen129

("C:\Users\alburezgutierrez\AppData\Local\Programs\MiKTeX 2.9\tex\generic\pgf\u
tilities\pgfutil-common-lists.tex"))
("C:\Users\alburezgutierrez\AppData\Local\Programs\MiKTeX 2.9\tex\generic\pgf\u
tilities\pgfutil-latex.def"
\pgfutil@abb=\box35

("C:\Users\alburezgutierrez\AppData\Local\Programs\MiKTeX 2.9\tex\latex\ms\ever
yshi.sty"
Package: everyshi 2001/05/15 v3.00 EveryShipout Package (MS)
))
("C:\Users\alburezgutierrez\AppData\Local\Programs\MiKTeX 2.9\tex\generic\pgf\u
tilities\pgfrcs.code.tex"
("C:\Users\alburezgutierrez\AppData\Local\Programs\MiKTeX 2.9\tex\generic\pgf\p
gf.revision.tex")
Package: pgfrcs 2020/01/08 v3.1.5b (3.1.5b)
))
("C:\Users\alburezgutierrez\AppData\Local\Programs\MiKTeX 2.9\tex\generic\pgf\s
ystemlayer\pgfsys.code.tex"
Package: pgfsys 2020/01/08 v3.1.5b (3.1.5b)

("C:\Users\alburezgutierrez\AppData\Local\Programs\MiKTeX 2.9\tex\generic\pgf\u
tilities\pgfkeys.code.tex"
\pgfkeys@pathtoks=\toks17
\pgfkeys@temptoks=\toks18

("C:\Users\alburezgutierrez\AppData\Local\Programs\MiKTeX 2.9\tex\generic\pgf\u
tilities\pgfkeysfiltered.code.tex"
\pgfkeys@tmptoks=\toks19
))
\pgf@x=\dimen130
\pgf@y=\dimen131
\pgf@xa=\dimen132
\pgf@ya=\dimen133
\pgf@xb=\dimen134
\pgf@yb=\dimen135
\pgf@xc=\dimen136
\pgf@yc=\dimen137
\pgf@xd=\dimen138
\pgf@yd=\dimen139
\w@pgf@writea=\write3
\r@pgf@reada=\read1
\c@pgf@counta=\count108
\c@pgf@countb=\count109
\c@pgf@countc=\count110
\c@pgf@countd=\count111
\t@pgf@toka=\toks20
\t@pgf@tokb=\toks21
\t@pgf@tokc=\toks22
\pgf@sys@id@count=\count112

("C:\Users\alburezgutierrez\AppData\Local\Programs\MiKTeX 2.9\tex\generic\pgf\s
ystemlayer\pgf.cfg"
File: pgf.cfg 2020/01/08 v3.1.5b (3.1.5b)
)
Driver file for pgf: pgfsys-pdftex.def

("C:\Users\alburezgutierrez\AppData\Local\Programs\MiKTeX 2.9\tex\generic\pgf\s
ystemlayer\pgfsys-pdftex.def"
File: pgfsys-pdftex.def 2020/01/08 v3.1.5b (3.1.5b)

("C:\Users\alburezgutierrez\AppData\Local\Programs\MiKTeX 2.9\tex\generic\pgf\s
ystemlayer\pgfsys-common-pdf.def"
File: pgfsys-common-pdf.def 2020/01/08 v3.1.5b (3.1.5b)
)))
("C:\Users\alburezgutierrez\AppData\Local\Programs\MiKTeX 2.9\tex\generic\pgf\s
ystemlayer\pgfsyssoftpath.code.tex"
File: pgfsyssoftpath.code.tex 2020/01/08 v3.1.5b (3.1.5b)
\pgfsyssoftpath@smallbuffer@items=\count113
\pgfsyssoftpath@bigbuffer@items=\count114
)
("C:\Users\alburezgutierrez\AppData\Local\Programs\MiKTeX 2.9\tex\generic\pgf\s
ystemlayer\pgfsysprotocol.code.tex"
File: pgfsysprotocol.code.tex 2020/01/08 v3.1.5b (3.1.5b)
))
("C:\Users\alburezgutierrez\AppData\Local\Programs\MiKTeX 2.9\tex\latex\xcolor\
xcolor.sty"
Package: xcolor 2016/05/11 v2.12 LaTeX color extensions (UK)

("C:\Users\alburezgutierrez\AppData\Local\Programs\MiKTeX 2.9\tex\latex\graphic
s-cfg\color.cfg"
File: color.cfg 2016/01/02 v1.6 sample color configuration
)
Package xcolor Info: Driver file: pdftex.def on input line 225.
Package xcolor Info: Model `cmy' substituted by `cmy0' on input line 1348.
Package xcolor Info: Model `hsb' substituted by `rgb' on input line 1352.
Package xcolor Info: Model `RGB' extended on input line 1364.
Package xcolor Info: Model `HTML' substituted by `rgb' on input line 1366.
Package xcolor Info: Model `Hsb' substituted by `hsb' on input line 1367.
Package xcolor Info: Model `tHsb' substituted by `hsb' on input line 1368.
Package xcolor Info: Model `HSB' substituted by `hsb' on input line 1369.
Package xcolor Info: Model `Gray' substituted by `gray' on input line 1370.
Package xcolor Info: Model `wave' substituted by `hsb' on input line 1371.
)
("C:\Users\alburezgutierrez\AppData\Local\Programs\MiKTeX 2.9\tex\generic\pgf\b
asiclayer\pgfcore.code.tex"
Package: pgfcore 2020/01/08 v3.1.5b (3.1.5b)

("C:\Users\alburezgutierrez\AppData\Local\Programs\MiKTeX 2.9\tex\generic\pgf\m
ath\pgfmath.code.tex"
("C:\Users\alburezgutierrez\AppData\Local\Programs\MiKTeX 2.9\tex\generic\pgf\m
ath\pgfmathcalc.code.tex"
("C:\Users\alburezgutierrez\AppData\Local\Programs\MiKTeX 2.9\tex\generic\pgf\m
ath\pgfmathutil.code.tex")
("C:\Users\alburezgutierrez\AppData\Local\Programs\MiKTeX 2.9\tex\generic\pgf\m
ath\pgfmathparser.code.tex"
\pgfmath@dimen=\dimen140
\pgfmath@count=\count115
\pgfmath@box=\box36
\pgfmath@toks=\toks23
\pgfmath@stack@operand=\toks24
\pgfmath@stack@operation=\toks25
)
("C:\Users\alburezgutierrez\AppData\Local\Programs\MiKTeX 2.9\tex\generic\pgf\m
ath\pgfmathfunctions.code.tex"
("C:\Users\alburezgutierrez\AppData\Local\Programs\MiKTeX 2.9\tex\generic\pgf\m
ath\pgfmathfunctions.basic.code.tex")
("C:\Users\alburezgutierrez\AppData\Local\Programs\MiKTeX 2.9\tex\generic\pgf\m
ath\pgfmathfunctions.trigonometric.code.tex")
("C:\Users\alburezgutierrez\AppData\Local\Programs\MiKTeX 2.9\tex\generic\pgf\m
ath\pgfmathfunctions.random.code.tex")
("C:\Users\alburezgutierrez\AppData\Local\Programs\MiKTeX 2.9\tex\generic\pgf\m
ath\pgfmathfunctions.comparison.code.tex")
("C:\Users\alburezgutierrez\AppData\Local\Programs\MiKTeX 2.9\tex\generic\pgf\m
ath\pgfmathfunctions.base.code.tex")
("C:\Users\alburezgutierrez\AppData\Local\Programs\MiKTeX 2.9\tex\generic\pgf\m
ath\pgfmathfunctions.round.code.tex")
("C:\Users\alburezgutierrez\AppData\Local\Programs\MiKTeX 2.9\tex\generic\pgf\m
ath\pgfmathfunctions.misc.code.tex")
("C:\Users\alburezgutierrez\AppData\Local\Programs\MiKTeX 2.9\tex\generic\pgf\m
ath\pgfmathfunctions.integerarithmetics.code.tex")))
("C:\Users\alburezgutierrez\AppData\Local\Programs\MiKTeX 2.9\tex\generic\pgf\m
ath\pgfmathfloat.code.tex"
\c@pgfmathroundto@lastzeros=\count116
))
("C:\Users\alburezgutierrez\AppData\Local\Programs\MiKTeX 2.9\tex\generic\pgf\m
ath\pgfint.code.tex")
("C:\Users\alburezgutierrez\AppData\Local\Programs\MiKTeX 2.9\tex\generic\pgf\b
asiclayer\pgfcorepoints.code.tex"
File: pgfcorepoints.code.tex 2020/01/08 v3.1.5b (3.1.5b)
\pgf@picminx=\dimen141
\pgf@picmaxx=\dimen142
\pgf@picminy=\dimen143
\pgf@picmaxy=\dimen144
\pgf@pathminx=\dimen145
\pgf@pathmaxx=\dimen146
\pgf@pathminy=\dimen147
\pgf@pathmaxy=\dimen148
\pgf@xx=\dimen149
\pgf@xy=\dimen150
\pgf@yx=\dimen151
\pgf@yy=\dimen152
\pgf@zx=\dimen153
\pgf@zy=\dimen154
)
("C:\Users\alburezgutierrez\AppData\Local\Programs\MiKTeX 2.9\tex\generic\pgf\b
asiclayer\pgfcorepathconstruct.code.tex"
File: pgfcorepathconstruct.code.tex 2020/01/08 v3.1.5b (3.1.5b)
\pgf@path@lastx=\dimen155
\pgf@path@lasty=\dimen156
)
("C:\Users\alburezgutierrez\AppData\Local\Programs\MiKTeX 2.9\tex\generic\pgf\b
asiclayer\pgfcorepathusage.code.tex"
File: pgfcorepathusage.code.tex 2020/01/08 v3.1.5b (3.1.5b)
\pgf@shorten@end@additional=\dimen157
\pgf@shorten@start@additional=\dimen158
)
("C:\Users\alburezgutierrez\AppData\Local\Programs\MiKTeX 2.9\tex\generic\pgf\b
asiclayer\pgfcorescopes.code.tex"
File: pgfcorescopes.code.tex 2020/01/08 v3.1.5b (3.1.5b)
\pgfpic=\box37
\pgf@hbox=\box38
\pgf@layerbox@main=\box39
\pgf@picture@serial@count=\count117
)
("C:\Users\alburezgutierrez\AppData\Local\Programs\MiKTeX 2.9\tex\generic\pgf\b
asiclayer\pgfcoregraphicstate.code.tex"
File: pgfcoregraphicstate.code.tex 2020/01/08 v3.1.5b (3.1.5b)
\pgflinewidth=\dimen159
)
("C:\Users\alburezgutierrez\AppData\Local\Programs\MiKTeX 2.9\tex\generic\pgf\b
asiclayer\pgfcoretransformations.code.tex"
File: pgfcoretransformations.code.tex 2020/01/08 v3.1.5b (3.1.5b)
\pgf@pt@x=\dimen160
\pgf@pt@y=\dimen161
\pgf@pt@temp=\dimen162
)
("C:\Users\alburezgutierrez\AppData\Local\Programs\MiKTeX 2.9\tex\generic\pgf\b
asiclayer\pgfcorequick.code.tex"
File: pgfcorequick.code.tex 2020/01/08 v3.1.5b (3.1.5b)
)
("C:\Users\alburezgutierrez\AppData\Local\Programs\MiKTeX 2.9\tex\generic\pgf\b
asiclayer\pgfcoreobjects.code.tex"
File: pgfcoreobjects.code.tex 2020/01/08 v3.1.5b (3.1.5b)
)
("C:\Users\alburezgutierrez\AppData\Local\Programs\MiKTeX 2.9\tex\generic\pgf\b
asiclayer\pgfcorepathprocessing.code.tex"
File: pgfcorepathprocessing.code.tex 2020/01/08 v3.1.5b (3.1.5b)
)
("C:\Users\alburezgutierrez\AppData\Local\Programs\MiKTeX 2.9\tex\generic\pgf\b
asiclayer\pgfcorearrows.code.tex"
File: pgfcorearrows.code.tex 2020/01/08 v3.1.5b (3.1.5b)
\pgfarrowsep=\dimen163
)
("C:\Users\alburezgutierrez\AppData\Local\Programs\MiKTeX 2.9\tex\generic\pgf\b
asiclayer\pgfcoreshade.code.tex"
File: pgfcoreshade.code.tex 2020/01/08 v3.1.5b (3.1.5b)
\pgf@max=\dimen164
\pgf@sys@shading@range@num=\count118
\pgf@shadingcount=\count119
)
("C:\Users\alburezgutierrez\AppData\Local\Programs\MiKTeX 2.9\tex\generic\pgf\b
asiclayer\pgfcoreimage.code.tex"
File: pgfcoreimage.code.tex 2020/01/08 v3.1.5b (3.1.5b)

("C:\Users\alburezgutierrez\AppData\Local\Programs\MiKTeX 2.9\tex\generic\pgf\b
asiclayer\pgfcoreexternal.code.tex"
File: pgfcoreexternal.code.tex 2020/01/08 v3.1.5b (3.1.5b)
\pgfexternal@startupbox=\box40
))
("C:\Users\alburezgutierrez\AppData\Local\Programs\MiKTeX 2.9\tex\generic\pgf\b
asiclayer\pgfcorelayers.code.tex"
File: pgfcorelayers.code.tex 2020/01/08 v3.1.5b (3.1.5b)
)
("C:\Users\alburezgutierrez\AppData\Local\Programs\MiKTeX 2.9\tex\generic\pgf\b
asiclayer\pgfcoretransparency.code.tex"
File: pgfcoretransparency.code.tex 2020/01/08 v3.1.5b (3.1.5b)
)
("C:\Users\alburezgutierrez\AppData\Local\Programs\MiKTeX 2.9\tex\generic\pgf\b
asiclayer\pgfcorepatterns.code.tex"
File: pgfcorepatterns.code.tex 2020/01/08 v3.1.5b (3.1.5b)
)
("C:\Users\alburezgutierrez\AppData\Local\Programs\MiKTeX 2.9\tex\generic\pgf\b
asiclayer\pgfcorerdf.code.tex"
File: pgfcorerdf.code.tex 2020/01/08 v3.1.5b (3.1.5b)
)))
("C:\Users\alburezgutierrez\AppData\Local\Programs\MiKTeX 2.9\tex\latex\pgf\uti
lities\xxcolor.sty"
Package: xxcolor 2003/10/24 ver 0.1
\XC@nummixins=\count120
\XC@countmixins=\count121
)
("C:\Users\alburezgutierrez\AppData\Local\Programs\MiKTeX 2.9\tex\generic\oberd
iek\atbegshi.sty"
Package: atbegshi 2016/06/09 v1.18 At begin shipout hook (HO)

("C:\Users\alburezgutierrez\AppData\Local\Programs\MiKTeX 2.9\tex\generic\oberd
iek\infwarerr.sty"
Package: infwarerr 2016/05/16 v1.4 Providing info/warning/error messages (HO)
)
("C:\Users\alburezgutierrez\AppData\Local\Programs\MiKTeX 2.9\tex\generic\oberd
iek\ltxcmds.sty"
Package: ltxcmds 2016/05/16 v1.23 LaTeX kernel commands for general use (HO)
))
("C:\Users\alburezgutierrez\AppData\Local\Programs\MiKTeX 2.9\tex\latex\hyperre
f\hyperref.sty"
Package: hyperref 2018/02/06 v6.86b Hypertext links for LaTeX

("C:\Users\alburezgutierrez\AppData\Local\Programs\MiKTeX 2.9\tex\generic\oberd
iek\hobsub-hyperref.sty"
Package: hobsub-hyperref 2016/05/16 v1.14 Bundle oberdiek, subset hyperref (HO)


("C:\Users\alburezgutierrez\AppData\Local\Programs\MiKTeX 2.9\tex\generic\oberd
iek\hobsub-generic.sty"
Package: hobsub-generic 2016/05/16 v1.14 Bundle oberdiek, subset generic (HO)
Package: hobsub 2016/05/16 v1.14 Construct package bundles (HO)
Package hobsub Info: Skipping package `infwarerr' (already loaded).
Package hobsub Info: Skipping package `ltxcmds' (already loaded).
Package: ifluatex 2016/05/16 v1.4 Provides the ifluatex switch (HO)
Package ifluatex Info: LuaTeX not detected.
Package hobsub Info: Skipping package `ifvtex' (already loaded).
Package: intcalc 2016/05/16 v1.2 Expandable calculations with integers (HO)
Package hobsub Info: Skipping package `ifpdf' (already loaded).
Package: etexcmds 2016/05/16 v1.6 Avoid name clashes with e-TeX commands (HO)
Package etexcmds Info: Could not find \expanded.
(etexcmds)             That can mean that you are not using pdfTeX 1.50 or
(etexcmds)             that some package has redefined \expanded.
(etexcmds)             In the latter case, load this package earlier.
Package: kvsetkeys 2016/05/16 v1.17 Key value parser (HO)
Package: kvdefinekeys 2016/05/16 v1.4 Define keys (HO)
Package: pdftexcmds 2018/01/30 v0.27 Utility functions of pdfTeX for LuaTeX (HO
)
Package pdftexcmds Info: LuaTeX not detected.
Package pdftexcmds Info: \pdf@primitive is available.
Package pdftexcmds Info: \pdf@ifprimitive is available.
Package pdftexcmds Info: \pdfdraftmode found.
Package: pdfescape 2016/05/16 v1.14 Implements pdfTeX's escape features (HO)
Package: bigintcalc 2016/05/16 v1.4 Expandable calculations on big integers (HO
)
Package: bitset 2016/05/16 v1.2 Handle bit-vector datatype (HO)
Package: uniquecounter 2016/05/16 v1.3 Provide unlimited unique counter (HO)
)
Package hobsub Info: Skipping package `hobsub' (already loaded).
Package: letltxmacro 2016/05/16 v1.5 Let assignment for LaTeX macros (HO)
Package: hopatch 2016/05/16 v1.3 Wrapper for package hooks (HO)
Package: xcolor-patch 2016/05/16 xcolor patch
Package: atveryend 2016/05/16 v1.9 Hooks at the very end of document (HO)
Package hobsub Info: Skipping package `atbegshi' (already loaded).
Package: refcount 2016/05/16 v3.5 Data extraction from label references (HO)
Package: hycolor 2016/05/16 v1.8 Color options for hyperref/bookmark (HO)
)
("C:\Users\alburezgutierrez\AppData\Local\Programs\MiKTeX 2.9\tex\latex\oberdie
k\auxhook.sty"
Package: auxhook 2016/05/16 v1.4 Hooks for auxiliary files (HO)
)
("C:\Users\alburezgutierrez\AppData\Local\Programs\MiKTeX 2.9\tex\latex\oberdie
k\kvoptions.sty"
Package: kvoptions 2016/05/16 v3.12 Key value format for package options (HO)
)
\@linkdim=\dimen165
\Hy@linkcounter=\count122
\Hy@pagecounter=\count123

("C:\Users\alburezgutierrez\AppData\Local\Programs\MiKTeX 2.9\tex\latex\hyperre
f\pd1enc.def"
File: pd1enc.def 2018/02/06 v6.86b Hyperref: PDFDocEncoding definition (HO)
Now handling font encoding PD1 ...
... no UTF-8 mapping file for font encoding PD1
)
\Hy@SavedSpaceFactor=\count124

("C:\Users\alburezgutierrez\AppData\Local\Programs\MiKTeX 2.9\tex\latex\00mikte
x\hyperref.cfg"
File: hyperref.cfg 2002/06/06 v1.2 hyperref configuration of TeXLive
)
Package hyperref Info: Option `unicode' set `true' on input line 4383.

("C:\Users\alburezgutierrez\AppData\Local\Programs\MiKTeX 2.9\tex\latex\hyperre
f\puenc.def"
File: puenc.def 2018/02/06 v6.86b Hyperref: PDF Unicode definition (HO)
Now handling font encoding PU ...
... no UTF-8 mapping file for font encoding PU
)
Package hyperref Info: Option `bookmarks' set `true' on input line 4383.
Package hyperref Info: Option `bookmarksopen' set `true' on input line 4383.
Package hyperref Info: Option `implicit' set `false' on input line 4383.
Package hyperref Info: Hyper figures OFF on input line 4509.
Package hyperref Info: Link nesting OFF on input line 4514.
Package hyperref Info: Hyper index ON on input line 4517.
Package hyperref Info: Plain pages OFF on input line 4524.
Package hyperref Info: Backreferencing OFF on input line 4529.
Package hyperref Info: Implicit mode OFF; no redefinition of LaTeX internals.
Package hyperref Info: Bookmarks ON on input line 4762.
\c@Hy@tempcnt=\count125

("C:\Users\alburezgutierrez\AppData\Local\Programs\MiKTeX 2.9\tex\latex\url\url
.sty"
\Urlmuskip=\muskip10
Package: url 2013/09/16  ver 3.4  Verb mode for urls, etc.
)
LaTeX Info: Redefining \url on input line 5115.
\XeTeXLinkMargin=\dimen166
\Fld@menulength=\count126
\Field@Width=\dimen167
\Fld@charsize=\dimen168
Package hyperref Info: Hyper figures OFF on input line 6369.
Package hyperref Info: Link nesting OFF on input line 6374.
Package hyperref Info: Hyper index ON on input line 6377.
Package hyperref Info: backreferencing OFF on input line 6384.
Package hyperref Info: Link coloring OFF on input line 6389.
Package hyperref Info: Link coloring with OCG OFF on input line 6394.
Package hyperref Info: PDF/A mode OFF on input line 6399.
LaTeX Info: Redefining \ref on input line 6439.
LaTeX Info: Redefining \pageref on input line 6443.
\Hy@abspage=\count127

Package hyperref Message: Stopped early.

)
Package hyperref Info: Driver (autodetected): hpdftex.

("C:\Users\alburezgutierrez\AppData\Local\Programs\MiKTeX 2.9\tex\latex\hyperre
f\hpdftex.def"
File: hpdftex.def 2018/02/06 v6.86b Hyperref driver for pdfTeX
\Fld@listcount=\count128
\c@bookmark@seq@number=\count129

("C:\Users\alburezgutierrez\AppData\Local\Programs\MiKTeX 2.9\tex\latex\oberdie
k\rerunfilecheck.sty"
Package: rerunfilecheck 2016/05/16 v1.8 Rerun checks for auxiliary files (HO)
Package uniquecounter Info: New unique counter `rerunfilecheck' on input line 2
82.
))
("C:\Users\alburezgutierrez\AppData\Local\Programs\MiKTeX 2.9\tex\latex\beamer\
beamerbaserequires.sty"
("C:\Users\alburezgutierrez\AppData\Local\Programs\MiKTeX 2.9\tex\latex\beamer\
beamerbasecompatibility.sty")
("C:\Users\alburezgutierrez\AppData\Local\Programs\MiKTeX 2.9\tex\latex\beamer\
beamerbasefont.sty"
("C:\Users\alburezgutierrez\AppData\Local\Programs\MiKTeX 2.9\tex\latex\amsfont
s\amssymb.sty"
Package: amssymb 2013/01/14 v3.01 AMS font symbols

("C:\Users\alburezgutierrez\AppData\Local\Programs\MiKTeX 2.9\tex\latex\amsfont
s\amsfonts.sty"
Package: amsfonts 2013/01/14 v3.01 Basic AMSFonts support
\@emptytoks=\toks26
\symAMSa=\mathgroup4
\symAMSb=\mathgroup5
LaTeX Font Info:    Overwriting math alphabet `\mathfrak' in version `bold'
(Font)                  U/euf/m/n --> U/euf/b/n on input line 106.
))
("C:\Users\alburezgutierrez\AppData\Local\Programs\MiKTeX 2.9\tex\latex\sansmat
haccent\sansmathaccent.sty"
Package: sansmathaccent 2020/01/31

("C:\Users\alburezgutierrez\AppData\Local\Programs\MiKTeX 2.9\tex\latex\koma-sc
ript\scrlfile.sty"
Package: scrlfile 2020/01/24 v3.29 KOMA-Script package (loading files)
)))
("C:\Users\alburezgutierrez\AppData\Local\Programs\MiKTeX 2.9\tex\latex\beamer\
beamerbasetranslator.sty"
("C:\Users\alburezgutierrez\AppData\Local\Programs\MiKTeX 2.9\tex\latex\transla
tor\translator.sty"
Package: translator 2019-05-31 v1.12a Easy translation of strings in LaTeX
))
("C:\Users\alburezgutierrez\AppData\Local\Programs\MiKTeX 2.9\tex\latex\beamer\
beamerbasemisc.sty")
("C:\Users\alburezgutierrez\AppData\Local\Programs\MiKTeX 2.9\tex\latex\beamer\
beamerbasetwoscreens.sty")
("C:\Users\alburezgutierrez\AppData\Local\Programs\MiKTeX 2.9\tex\latex\beamer\
beamerbaseoverlay.sty"
\beamer@argscount=\count130
\beamer@lastskipcover=\skip44
\beamer@trivlistdepth=\count131
)
("C:\Users\alburezgutierrez\AppData\Local\Programs\MiKTeX 2.9\tex\latex\beamer\
beamerbasetitle.sty")
("C:\Users\alburezgutierrez\AppData\Local\Programs\MiKTeX 2.9\tex\latex\beamer\
beamerbasesection.sty"
\c@lecture=\count132
\c@part=\count133
\c@section=\count134
\c@subsection=\count135
\c@subsubsection=\count136
)
("C:\Users\alburezgutierrez\AppData\Local\Programs\MiKTeX 2.9\tex\latex\beamer\
beamerbaseframe.sty"
\beamer@framebox=\box41
\beamer@frametitlebox=\box42
\beamer@zoombox=\box43
\beamer@zoomcount=\count137
\beamer@zoomframecount=\count138
\beamer@frametextheight=\dimen169
\c@subsectionslide=\count139
\beamer@frametopskip=\skip45
\beamer@framebottomskip=\skip46
\beamer@frametopskipautobreak=\skip47
\beamer@framebottomskipautobreak=\skip48
\beamer@envbody=\toks27
\framewidth=\dimen170
\c@framenumber=\count140
)
("C:\Users\alburezgutierrez\AppData\Local\Programs\MiKTeX 2.9\tex\latex\beamer\
beamerbaseverbatim.sty"
\beamer@verbatimfileout=\write4
)
("C:\Users\alburezgutierrez\AppData\Local\Programs\MiKTeX 2.9\tex\latex\beamer\
beamerbaseframesize.sty"
\beamer@splitbox=\box44
\beamer@autobreakcount=\count141
\beamer@autobreaklastheight=\dimen171
\beamer@frametitletoks=\toks28
\beamer@framesubtitletoks=\toks29
)
("C:\Users\alburezgutierrez\AppData\Local\Programs\MiKTeX 2.9\tex\latex\beamer\
beamerbaseframecomponents.sty"
\beamer@footins=\box45
)
("C:\Users\alburezgutierrez\AppData\Local\Programs\MiKTeX 2.9\tex\latex\beamer\
beamerbasecolor.sty")
("C:\Users\alburezgutierrez\AppData\Local\Programs\MiKTeX 2.9\tex\latex\beamer\
beamerbasenotes.sty"
\beamer@frameboxcopy=\box46
)
("C:\Users\alburezgutierrez\AppData\Local\Programs\MiKTeX 2.9\tex\latex\beamer\
beamerbasetoc.sty")
("C:\Users\alburezgutierrez\AppData\Local\Programs\MiKTeX 2.9\tex\latex\beamer\
beamerbasetemplates.sty"
\beamer@sbttoks=\toks30

("C:\Users\alburezgutierrez\AppData\Local\Programs\MiKTeX 2.9\tex\latex\beamer\
beamerbaseauxtemplates.sty"
("C:\Users\alburezgutierrez\AppData\Local\Programs\MiKTeX 2.9\tex\latex\beamer\
beamerbaseboxes.sty"
\bmb@box=\box47
\bmb@colorbox=\box48
\bmb@boxshadow=\box49
\bmb@boxshadowball=\box50
\bmb@boxshadowballlarge=\box51
\bmb@temp=\dimen172
\bmb@dima=\dimen173
\bmb@dimb=\dimen174
\bmb@prevheight=\dimen175
)
\beamer@blockheadheight=\dimen176
))
("C:\Users\alburezgutierrez\AppData\Local\Programs\MiKTeX 2.9\tex\latex\beamer\
beamerbaselocalstructure.sty"
("C:\Users\alburezgutierrez\AppData\Local\Programs\MiKTeX 2.9\tex\latex\tools\e
numerate.sty"
Package: enumerate 2015/07/23 v3.00 enumerate extensions (DPC)
\@enLab=\toks31
)
\c@figure=\count142
\c@table=\count143
\abovecaptionskip=\skip49
\belowcaptionskip=\skip50
)
("C:\Users\alburezgutierrez\AppData\Local\Programs\MiKTeX 2.9\tex\latex\beamer\
beamerbasenavigation.sty"
\beamer@section@min@dim=\dimen177
)
("C:\Users\alburezgutierrez\AppData\Local\Programs\MiKTeX 2.9\tex\latex\beamer\
beamerbasetheorems.sty"
("C:\Users\alburezgutierrez\AppData\Local\Programs\MiKTeX 2.9\tex\latex\amsmath
\amsmath.sty"
Package: amsmath 2017/09/02 v2.17a AMS math features
\@mathmargin=\skip51
For additional information on amsmath, use the `?' option.

("C:\Users\alburezgutierrez\AppData\Local\Programs\MiKTeX 2.9\tex\latex\amsmath
\amstext.sty"
Package: amstext 2000/06/29 v2.01 AMS text

("C:\Users\alburezgutierrez\AppData\Local\Programs\MiKTeX 2.9\tex\latex\amsmath
\amsgen.sty"
File: amsgen.sty 1999/11/30 v2.0 generic functions
\@emptytoks=\toks32
\ex@=\dimen178
))
("C:\Users\alburezgutierrez\AppData\Local\Programs\MiKTeX 2.9\tex\latex\amsmath
\amsbsy.sty"
Package: amsbsy 1999/11/29 v1.2d Bold Symbols
\pmbraise@=\dimen179
)
("C:\Users\alburezgutierrez\AppData\Local\Programs\MiKTeX 2.9\tex\latex\amsmath
\amsopn.sty"
Package: amsopn 2016/03/08 v2.02 operator names
)
\inf@bad=\count144
LaTeX Info: Redefining \frac on input line 213.
\uproot@=\count145
\leftroot@=\count146
LaTeX Info: Redefining \overline on input line 375.
\classnum@=\count147
\DOTSCASE@=\count148
LaTeX Info: Redefining \ldots on input line 472.
LaTeX Info: Redefining \dots on input line 475.
LaTeX Info: Redefining \cdots on input line 596.
\Mathstrutbox@=\box52
\strutbox@=\box53
\big@size=\dimen180
LaTeX Font Info:    Redeclaring font encoding OML on input line 712.
LaTeX Font Info:    Redeclaring font encoding OMS on input line 713.
\macc@depth=\count149
\c@MaxMatrixCols=\count150
\dotsspace@=\muskip11
\c@parentequation=\count151
\dspbrk@lvl=\count152
\tag@help=\toks33
\row@=\count153
\column@=\count154
\maxfields@=\count155
\andhelp@=\toks34
\eqnshift@=\dimen181
\alignsep@=\dimen182
\tagshift@=\dimen183
\tagwidth@=\dimen184
\totwidth@=\dimen185
\lineht@=\dimen186
\@envbody=\toks35
\multlinegap=\skip52
\multlinetaggap=\skip53
\mathdisplay@stack=\toks36
LaTeX Info: Redefining \[ on input line 2817.
LaTeX Info: Redefining \] on input line 2818.
)
("C:\Users\alburezgutierrez\AppData\Local\Programs\MiKTeX 2.9\tex\latex\amscls\
amsthm.sty"
Package: amsthm 2017/10/31 v2.20.4
\thm@style=\toks37
\thm@bodyfont=\toks38
\thm@headfont=\toks39
\thm@notefont=\toks40
\thm@headpunct=\toks41
\thm@preskip=\skip54
\thm@postskip=\skip55
\thm@headsep=\skip56
\dth@everypar=\toks42
)
\c@theorem=\count156
)
("C:\Users\alburezgutierrez\AppData\Local\Programs\MiKTeX 2.9\tex\latex\beamer\
beamerbasethemes.sty"))
("C:\Users\alburezgutierrez\AppData\Local\Programs\MiKTeX 2.9\tex\latex\beamer\
beamerthemedefault.sty"
("C:\Users\alburezgutierrez\AppData\Local\Programs\MiKTeX 2.9\tex\latex\beamer\
beamerfontthemedefault.sty")
("C:\Users\alburezgutierrez\AppData\Local\Programs\MiKTeX 2.9\tex\latex\beamer\
beamercolorthemedefault.sty")
("C:\Users\alburezgutierrez\AppData\Local\Programs\MiKTeX 2.9\tex\latex\beamer\
beamerinnerthemedefault.sty"
\beamer@dima=\dimen187
\beamer@dimb=\dimen188
)
("C:\Users\alburezgutierrez\AppData\Local\Programs\MiKTeX 2.9\tex\latex\beamer\
beamerouterthemedefault.sty")))
("C:\Users\alburezgutierrez\AppData\Local\Programs\MiKTeX 2.9\tex\latex\pgf\uti
lities\pgfpages.sty"
Package: pgfpages 2011/01/05 ver 0.02

("C:\Users\alburezgutierrez\AppData\Local\Programs\MiKTeX 2.9\tex\latex\tools\c
alc.sty"
Package: calc 2017/05/25 v4.3 Infix arithmetic (KKT,FJ)
\calc@Acount=\count157
\calc@Bcount=\count158
\calc@Adimen=\dimen189
\calc@Bdimen=\dimen190
\calc@Askip=\skip57
\calc@Bskip=\skip58
LaTeX Info: Redefining \setlength on input line 80.
LaTeX Info: Redefining \addtolength on input line 81.
\calc@Ccount=\count159
\calc@Cskip=\skip59
)
\pgf@logicalpages=\count160
\pgf@firstshipout=\count161
\pgf@lastshipout=\count162
\pgf@currentshipout=\count163
\pgf@cpn=\count164
\pgf@shipoutnextto=\count165
\pgfphysicalheight=\dimen191
\pgfphysicalwidth=\dimen192
\pgfpages@shipoutbox=\box54
)
("C:\Users\alburezgutierrez\AppData\Local\Programs\MiKTeX 2.9\tex\latex\lm\lmod
ern.sty"
Package: lmodern 2009/10/30 v1.6 Latin Modern Fonts
LaTeX Font Info:    Overwriting symbol font `operators' in version `normal'
(Font)                  OT1/cmr/m/n --> OT1/lmr/m/n on input line 22.
LaTeX Font Info:    Overwriting symbol font `letters' in version `normal'
(Font)                  OML/cmm/m/it --> OML/lmm/m/it on input line 23.
LaTeX Font Info:    Overwriting symbol font `symbols' in version `normal'
(Font)                  OMS/cmsy/m/n --> OMS/lmsy/m/n on input line 24.
LaTeX Font Info:    Overwriting symbol font `largesymbols' in version `normal'
(Font)                  OMX/cmex/m/n --> OMX/lmex/m/n on input line 25.
LaTeX Font Info:    Overwriting symbol font `operators' in version `bold'
(Font)                  OT1/cmr/bx/n --> OT1/lmr/bx/n on input line 26.
LaTeX Font Info:    Overwriting symbol font `letters' in version `bold'
(Font)                  OML/cmm/b/it --> OML/lmm/b/it on input line 27.
LaTeX Font Info:    Overwriting symbol font `symbols' in version `bold'
(Font)                  OMS/cmsy/b/n --> OMS/lmsy/b/n on input line 28.
LaTeX Font Info:    Overwriting symbol font `largesymbols' in version `bold'
(Font)                  OMX/cmex/m/n --> OMX/lmex/m/n on input line 29.
LaTeX Font Info:    Overwriting math alphabet `\mathbf' in version `normal'
(Font)                  OT1/cmr/bx/n --> OT1/lmr/bx/n on input line 31.
LaTeX Font Info:    Overwriting math alphabet `\mathsf' in version `normal'
(Font)                  OT1/cmss/m/n --> OT1/lmss/m/n on input line 32.
LaTeX Font Info:    Overwriting math alphabet `\mathit' in version `normal'
(Font)                  OT1/cmr/m/it --> OT1/lmr/m/it on input line 33.
LaTeX Font Info:    Overwriting math alphabet `\mathtt' in version `normal'
(Font)                  OT1/cmtt/m/n --> OT1/lmtt/m/n on input line 34.
LaTeX Font Info:    Overwriting math alphabet `\mathbf' in version `bold'
(Font)                  OT1/cmr/bx/n --> OT1/lmr/bx/n on input line 35.
LaTeX Font Info:    Overwriting math alphabet `\mathsf' in version `bold'
(Font)                  OT1/cmss/bx/n --> OT1/lmss/bx/n on input line 36.
LaTeX Font Info:    Overwriting math alphabet `\mathit' in version `bold'
(Font)                  OT1/cmr/bx/it --> OT1/lmr/bx/it on input line 37.
LaTeX Font Info:    Overwriting math alphabet `\mathtt' in version `bold'
(Font)                  OT1/cmtt/m/n --> OT1/lmtt/m/n on input line 38.
)
("C:\Users\alburezgutierrez\AppData\Local\Programs\MiKTeX 2.9\tex\latex\base\fo
ntenc.sty"
Package: fontenc 2017/04/05 v2.0i Standard LaTeX package

("C:\Users\alburezgutierrez\AppData\Local\Programs\MiKTeX 2.9\tex\latex\base\t1
enc.def"
File: t1enc.def 2017/04/05 v2.0i Standard LaTeX file
LaTeX Font Info:    Redeclaring font encoding T1 on input line 48.
))
("C:\Users\alburezgutierrez\AppData\Local\Programs\MiKTeX 2.9\tex\latex\base\in
putenc.sty"
Package: inputenc 2018/04/06 v1.3b Input encoding file
\inpenc@prehook=\toks43
\inpenc@posthook=\toks44
)
("C:\Users\alburezgutierrez\AppData\Local\Programs\MiKTeX 2.9\tex\latex\base\te
xtcomp.sty"
Package: textcomp 2017/04/05 v2.0i Standard LaTeX package
Package textcomp Info: Sub-encoding information:
(textcomp)               5 = only ISO-Adobe without \textcurrency
(textcomp)               4 = 5 + \texteuro
(textcomp)               3 = 4 + \textohm
(textcomp)               2 = 3 + \textestimated + \textcurrency
(textcomp)               1 = TS1 - \textcircled - \t
(textcomp)               0 = TS1 (full)
(textcomp)             Font families with sub-encoding setting implement
(textcomp)             only a restricted character set as indicated.
(textcomp)             Family '?' is the default used for unknown fonts.
(textcomp)             See the documentation for details.
Package textcomp Info: Setting ? sub-encoding to TS1/1 on input line 79.

("C:\Users\alburezgutierrez\AppData\Local\Programs\MiKTeX 2.9\tex\latex\base\ts
1enc.def"
File: ts1enc.def 2001/06/05 v3.0e (jk/car/fm) Standard LaTeX file
Now handling font encoding TS1 ...
... processing UTF-8 mapping file for font encoding TS1

("C:\Users\alburezgutierrez\AppData\Local\Programs\MiKTeX 2.9\tex\latex\base\ts
1enc.dfu"
File: ts1enc.dfu 2018/04/05 v1.2c UTF-8 support for inputenc
   defining Unicode char U+00A2 (decimal 162)
   defining Unicode char U+00A3 (decimal 163)
   defining Unicode char U+00A4 (decimal 164)
   defining Unicode char U+00A5 (decimal 165)
   defining Unicode char U+00A6 (decimal 166)
   defining Unicode char U+00A7 (decimal 167)
   defining Unicode char U+00A8 (decimal 168)
   defining Unicode char U+00A9 (decimal 169)
   defining Unicode char U+00AA (decimal 170)
   defining Unicode char U+00AC (decimal 172)
   defining Unicode char U+00AE (decimal 174)
   defining Unicode char U+00AF (decimal 175)
   defining Unicode char U+00B0 (decimal 176)
   defining Unicode char U+00B1 (decimal 177)
   defining Unicode char U+00B2 (decimal 178)
   defining Unicode char U+00B3 (decimal 179)
   defining Unicode char U+00B4 (decimal 180)
   defining Unicode char U+00B5 (decimal 181)
   defining Unicode char U+00B6 (decimal 182)
   defining Unicode char U+00B7 (decimal 183)
   defining Unicode char U+00B9 (decimal 185)
   defining Unicode char U+00BA (decimal 186)
   defining Unicode char U+00BC (decimal 188)
   defining Unicode char U+00BD (decimal 189)
   defining Unicode char U+00BE (decimal 190)
   defining Unicode char U+00D7 (decimal 215)
   defining Unicode char U+00F7 (decimal 247)
   defining Unicode char U+0192 (decimal 402)
   defining Unicode char U+02C7 (decimal 711)
   defining Unicode char U+02D8 (decimal 728)
   defining Unicode char U+02DD (decimal 733)
   defining Unicode char U+0E3F (decimal 3647)
   defining Unicode char U+2016 (decimal 8214)
   defining Unicode char U+2020 (decimal 8224)
   defining Unicode char U+2021 (decimal 8225)
   defining Unicode char U+2022 (decimal 8226)
   defining Unicode char U+2030 (decimal 8240)
   defining Unicode char U+2031 (decimal 8241)
   defining Unicode char U+203B (decimal 8251)
   defining Unicode char U+203D (decimal 8253)
   defining Unicode char U+2044 (decimal 8260)
   defining Unicode char U+204E (decimal 8270)
   defining Unicode char U+2052 (decimal 8274)
   defining Unicode char U+20A1 (decimal 8353)
   defining Unicode char U+20A4 (decimal 8356)
   defining Unicode char U+20A6 (decimal 8358)
   defining Unicode char U+20A9 (decimal 8361)
   defining Unicode char U+20AB (decimal 8363)
   defining Unicode char U+20AC (decimal 8364)
   defining Unicode char U+20B1 (decimal 8369)
   defining Unicode char U+2103 (decimal 8451)
   defining Unicode char U+2116 (decimal 8470)
   defining Unicode char U+2117 (decimal 8471)
   defining Unicode char U+211E (decimal 8478)
   defining Unicode char U+2120 (decimal 8480)
   defining Unicode char U+2122 (decimal 8482)
   defining Unicode char U+2126 (decimal 8486)
   defining Unicode char U+2127 (decimal 8487)
   defining Unicode char U+212E (decimal 8494)
   defining Unicode char U+2190 (decimal 8592)
   defining Unicode char U+2191 (decimal 8593)
   defining Unicode char U+2192 (decimal 8594)
   defining Unicode char U+2193 (decimal 8595)
   defining Unicode char U+2329 (decimal 9001)
   defining Unicode char U+232A (decimal 9002)
   defining Unicode char U+2422 (decimal 9250)
   defining Unicode char U+25E6 (decimal 9702)
   defining Unicode char U+25EF (decimal 9711)
   defining Unicode char U+266A (decimal 9834)
   defining Unicode char U+FEFF (decimal 65279)
))
LaTeX Info: Redefining \oldstylenums on input line 334.
Package textcomp Info: Setting cmr sub-encoding to TS1/0 on input line 349.
Package textcomp Info: Setting cmss sub-encoding to TS1/0 on input line 350.
Package textcomp Info: Setting cmtt sub-encoding to TS1/0 on input line 351.
Package textcomp Info: Setting cmvtt sub-encoding to TS1/0 on input line 352.
Package textcomp Info: Setting cmbr sub-encoding to TS1/0 on input line 353.
Package textcomp Info: Setting cmtl sub-encoding to TS1/0 on input line 354.
Package textcomp Info: Setting ccr sub-encoding to TS1/0 on input line 355.
Package textcomp Info: Setting ptm sub-encoding to TS1/4 on input line 356.
Package textcomp Info: Setting pcr sub-encoding to TS1/4 on input line 357.
Package textcomp Info: Setting phv sub-encoding to TS1/4 on input line 358.
Package textcomp Info: Setting ppl sub-encoding to TS1/3 on input line 359.
Package textcomp Info: Setting pag sub-encoding to TS1/4 on input line 360.
Package textcomp Info: Setting pbk sub-encoding to TS1/4 on input line 361.
Package textcomp Info: Setting pnc sub-encoding to TS1/4 on input line 362.
Package textcomp Info: Setting pzc sub-encoding to TS1/4 on input line 363.
Package textcomp Info: Setting bch sub-encoding to TS1/4 on input line 364.
Package textcomp Info: Setting put sub-encoding to TS1/5 on input line 365.
Package textcomp Info: Setting uag sub-encoding to TS1/5 on input line 366.
Package textcomp Info: Setting ugq sub-encoding to TS1/5 on input line 367.
Package textcomp Info: Setting ul8 sub-encoding to TS1/4 on input line 368.
Package textcomp Info: Setting ul9 sub-encoding to TS1/4 on input line 369.
Package textcomp Info: Setting augie sub-encoding to TS1/5 on input line 370.
Package textcomp Info: Setting dayrom sub-encoding to TS1/3 on input line 371.
Package textcomp Info: Setting dayroms sub-encoding to TS1/3 on input line 372.

Package textcomp Info: Setting pxr sub-encoding to TS1/0 on input line 373.
Package textcomp Info: Setting pxss sub-encoding to TS1/0 on input line 374.
Package textcomp Info: Setting pxtt sub-encoding to TS1/0 on input line 375.
Package textcomp Info: Setting txr sub-encoding to TS1/0 on input line 376.
Package textcomp Info: Setting txss sub-encoding to TS1/0 on input line 377.
Package textcomp Info: Setting txtt sub-encoding to TS1/0 on input line 378.
Package textcomp Info: Setting lmr sub-encoding to TS1/0 on input line 379.
Package textcomp Info: Setting lmdh sub-encoding to TS1/0 on input line 380.
Package textcomp Info: Setting lmss sub-encoding to TS1/0 on input line 381.
Package textcomp Info: Setting lmssq sub-encoding to TS1/0 on input line 382.
Package textcomp Info: Setting lmvtt sub-encoding to TS1/0 on input line 383.
Package textcomp Info: Setting lmtt sub-encoding to TS1/0 on input line 384.
Package textcomp Info: Setting qhv sub-encoding to TS1/0 on input line 385.
Package textcomp Info: Setting qag sub-encoding to TS1/0 on input line 386.
Package textcomp Info: Setting qbk sub-encoding to TS1/0 on input line 387.
Package textcomp Info: Setting qcr sub-encoding to TS1/0 on input line 388.
Package textcomp Info: Setting qcs sub-encoding to TS1/0 on input line 389.
Package textcomp Info: Setting qpl sub-encoding to TS1/0 on input line 390.
Package textcomp Info: Setting qtm sub-encoding to TS1/0 on input line 391.
Package textcomp Info: Setting qzc sub-encoding to TS1/0 on input line 392.
Package textcomp Info: Setting qhvc sub-encoding to TS1/0 on input line 393.
Package textcomp Info: Setting futs sub-encoding to TS1/4 on input line 394.
Package textcomp Info: Setting futx sub-encoding to TS1/4 on input line 395.
Package textcomp Info: Setting futj sub-encoding to TS1/4 on input line 396.
Package textcomp Info: Setting hlh sub-encoding to TS1/3 on input line 397.
Package textcomp Info: Setting hls sub-encoding to TS1/3 on input line 398.
Package textcomp Info: Setting hlst sub-encoding to TS1/3 on input line 399.
Package textcomp Info: Setting hlct sub-encoding to TS1/5 on input line 400.
Package textcomp Info: Setting hlx sub-encoding to TS1/5 on input line 401.
Package textcomp Info: Setting hlce sub-encoding to TS1/5 on input line 402.
Package textcomp Info: Setting hlcn sub-encoding to TS1/5 on input line 403.
Package textcomp Info: Setting hlcw sub-encoding to TS1/5 on input line 404.
Package textcomp Info: Setting hlcf sub-encoding to TS1/5 on input line 405.
Package textcomp Info: Setting pplx sub-encoding to TS1/3 on input line 406.
Package textcomp Info: Setting pplj sub-encoding to TS1/3 on input line 407.
Package textcomp Info: Setting ptmx sub-encoding to TS1/4 on input line 408.
Package textcomp Info: Setting ptmj sub-encoding to TS1/4 on input line 409.
)
("C:\Users\alburezgutierrez\AppData\Local\Programs\MiKTeX 2.9\tex\latex\upquote
\upquote.sty"
Package: upquote 2012/04/19 v1.3 upright-quote and grave-accent glyphs in verba
tim
)
("C:\Users\alburezgutierrez\AppData\Local\Programs\MiKTeX 2.9\tex\latex\microty
pe\microtype.sty"
Package: microtype 2019/11/18 v2.7d Micro-typographical refinements (RS)
\MT@toks=\toks45
\MT@count=\count166
LaTeX Info: Redefining \textls on input line 790.
\MT@outer@kern=\dimen193
LaTeX Info: Redefining \textmicrotypecontext on input line 1354.
\MT@listname@count=\count167

("C:\Users\alburezgutierrez\AppData\Local\Programs\MiKTeX 2.9\tex\latex\microty
pe\microtype-pdftex.def"
File: microtype-pdftex.def 2019/11/18 v2.7d Definitions specific to pdftex (RS)

LaTeX Info: Redefining \lsstyle on input line 914.
LaTeX Info: Redefining \lslig on input line 914.
\MT@outer@space=\skip60
)
Package microtype Info: Loading configuration file microtype.cfg.

("C:\Users\alburezgutierrez\AppData\Local\Programs\MiKTeX 2.9\tex\latex\microty
pe\microtype.cfg"
File: microtype.cfg 2019/11/18 v2.7d microtype main configuration file (RS)
))
("C:\Users\alburezgutierrez\AppData\Local\Programs\MiKTeX 2.9\tex\latex\parskip
\parskip.sty"
Package: parskip 2020-01-22 v2.0d non-zero parskip adjustments
)
("C:\Users\alburezgutierrez\AppData\Local\Programs\MiKTeX 2.9\tex\latex\xurl\xu
rl.sty"
Package: xurl 2020/01/24 v 0.09 modify URL breaks
)
("C:\Users\alburezgutierrez\AppData\Local\Programs\MiKTeX 2.9\tex\latex\oberdie
k\bookmark.sty"
Package: bookmark 2016/05/17 v1.26 PDF bookmarks (HO)

("C:\Users\alburezgutierrez\AppData\Local\Programs\MiKTeX 2.9\tex\latex\oberdie
k\bkm-pdftex.def"
File: bkm-pdftex.def 2016/05/17 v1.26 bookmark driver for pdfTeX (HO)
\BKM@id=\count168
))
Package hyperref Info: Option `breaklinks' set `true' on input line 79.

("C:\Users\alburezgutierrez\AppData\Local\Programs\MiKTeX 2.9\tex\latex\fancyvr
b\fancyvrb.sty"
Package: fancyvrb 2020/01/13 v3.5 verbatim text (tvz,hv)
\FV@CodeLineNo=\count169
\FV@InFile=\read2
\FV@TabBox=\box55
\c@FancyVerbLine=\count170
\FV@StepNumber=\count171
\FV@OutFile=\write5
)
("C:\Users\alburezgutierrez\AppData\Local\Programs\MiKTeX 2.9\tex\latex\framed\
framed.sty"
Package: framed 2011/10/22 v 0.96: framed or shaded text with page breaks
\OuterFrameSep=\skip61
\fb@frw=\dimen194
\fb@frh=\dimen195
\FrameRule=\dimen196
\FrameSep=\dimen197
)
("C:\Users\alburezgutierrez\AppData\Local\Programs\MiKTeX 2.9\tex\latex\tools\l
ongtable.sty"
Package: longtable 2014/10/28 v4.11 Multi-page Table package (DPC)
\LTleft=\skip62
\LTright=\skip63
\LTpre=\skip64
\LTpost=\skip65
\LTchunksize=\count172
\LTcapwidth=\dimen198
\LT@head=\box56
\LT@firsthead=\box57
\LT@foot=\box58
\LT@lastfoot=\box59
\LT@cols=\count173
\LT@rows=\count174
\c@LT@tables=\count175
\c@LT@chunks=\count176
\LT@p@ftn=\toks46
)
("C:\Users\alburezgutierrez\AppData\Local\Programs\MiKTeX 2.9\tex\latex\booktab
s\booktabs.sty"
Package: booktabs 2020/01/12 v1.61803398 Publication quality tables
\heavyrulewidth=\dimen199
\lightrulewidth=\dimen256
\cmidrulewidth=\dimen257
\belowrulesep=\dimen258
\belowbottomsep=\dimen259
\aboverulesep=\dimen260
\abovetopsep=\dimen261
\cmidrulesep=\dimen262
\cmidrulekern=\dimen263
\defaultaddspace=\dimen264
\@cmidla=\count177
\@cmidlb=\count178
\@aboverulesep=\dimen265
\@belowrulesep=\dimen266
\@thisruleclass=\count179
\@lastruleclass=\count180
\@thisrulewidth=\dimen267
)
("C:\Users\alburezgutierrez\AppData\Local\Programs\MiKTeX 2.9\tex\latex\caption
\caption.sty"
Package: caption 2020/01/03 v3.4h Customizing captions (AR)

("C:\Users\alburezgutierrez\AppData\Local\Programs\MiKTeX 2.9\tex\latex\caption
\caption3.sty"
Package: caption3 2020/01/03 v1.8h caption3 kernel (AR)
Package caption3 Info: TeX engine: e-TeX on input line 61.
\captionmargin=\dimen268
\captionmargin@=\dimen269
\captionwidth=\dimen270
\caption@tempdima=\dimen271
\caption@indent=\dimen272
\caption@parindent=\dimen273
\caption@hangindent=\dimen274
Package caption Info: beamer document class detected.
)
\c@caption@flags=\count181
\c@continuedfloat=\count182
Package caption Info: beamer document class.
Package caption Info: hyperref package is loaded.
Package caption Info: Hyperref support is turned off
(caption)             because hyperref has stopped early.
Package caption Info: longtable package is loaded.

("C:\Users\alburezgutierrez\AppData\Local\Programs\MiKTeX 2.9\tex\latex\caption
\ltcaption.sty"
Package: ltcaption 2018/08/26 v1.4a longtable captions (AR)
))
("C:\Users\alburezgutierrez\AppData\Local\Programs\MiKTeX 2.9\tex\latex\oberdie
k\grffile.sty"
Package: grffile 2017/06/30 v1.18 Extended file name support for graphics (HO)
Package grffile Info: Option `multidot' is set to `true'.
Package grffile Info: Option `extendedchars' is set to `false'.
Package grffile Info: Option `space' is set to `true'.
Package grffile Info: \Gin@ii of package `graphicx' fixed on input line 494.
)

Package hyperref Warning: Token not allowed in a PDF string (Unicode):
(hyperref)                removing `\\' on input line 154.


Package hyperref Warning: Token not allowed in a PDF string (Unicode):
(hyperref)                removing `\\' on input line 154.

No file 4_computational.aux.
\openout1 = `4_computational.aux'.

LaTeX Font Info:    Checking defaults for OML/cmm/m/it on input line 157.
LaTeX Font Info:    ... okay on input line 157.
LaTeX Font Info:    Checking defaults for T1/cmr/m/n on input line 157.
LaTeX Font Info:    ... okay on input line 157.
LaTeX Font Info:    Checking defaults for OT1/cmr/m/n on input line 157.
LaTeX Font Info:    ... okay on input line 157.
LaTeX Font Info:    Checking defaults for OMS/cmsy/m/n on input line 157.
LaTeX Font Info:    ... okay on input line 157.
LaTeX Font Info:    Checking defaults for OMX/cmex/m/n on input line 157.
LaTeX Font Info:    ... okay on input line 157.
LaTeX Font Info:    Checking defaults for U/cmr/m/n on input line 157.
LaTeX Font Info:    ... okay on input line 157.
LaTeX Font Info:    Checking defaults for PD1/pdf/m/n on input line 157.
LaTeX Font Info:    ... okay on input line 157.
LaTeX Font Info:    Checking defaults for PU/pdf/m/n on input line 157.
LaTeX Font Info:    ... okay on input line 157.
LaTeX Font Info:    Checking defaults for TS1/cmr/m/n on input line 157.
LaTeX Font Info:    Try loading font information for TS1+cmr on input line 157.


("C:\Users\alburezgutierrez\AppData\Local\Programs\MiKTeX 2.9\tex\latex\base\ts
1cmr.fd"
File: ts1cmr.fd 2014/09/29 v2.5h Standard LaTeX font definitions
)
LaTeX Font Info:    ... okay on input line 157.
LaTeX Font Info:    Try loading font information for T1+lmss on input line 157.


("C:\Users\alburezgutierrez\AppData\Local\Programs\MiKTeX 2.9\tex\latex\lm\t1lm
ss.fd"
File: t1lmss.fd 2009/10/30 v1.6 Font defs for Latin Modern
)
*geometry* driver: auto-detecting
*geometry* detected driver: pdftex
*geometry* verbose mode - [ preamble ] result:
* driver: pdftex
* paper: custom
* layout: <same size as paper>
* layoutoffset:(h,v)=(0.0pt,0.0pt)
* modes: includehead includefoot 
* h-part:(L,W,R)=(28.45274pt, 307.28987pt, 28.45274pt)
* v-part:(T,H,B)=(0.0pt, 273.14662pt, 0.0pt)
* \paperwidth=364.19536pt
* \paperheight=273.14662pt
* \textwidth=307.28987pt
* \textheight=244.6939pt
* \oddsidemargin=-43.81725pt
* \evensidemargin=-43.81725pt
* \topmargin=-72.26999pt
* \headheight=14.22636pt
* \headsep=0.0pt
* \topskip=11.0pt
* \footskip=14.22636pt
* \marginparwidth=4.0pt
* \marginparsep=10.0pt
* \columnsep=10.0pt
* \skip\footins=10.0pt plus 4.0pt minus 2.0pt
* \hoffset=0.0pt
* \voffset=0.0pt
* \mag=1000
* \@twocolumnfalse
* \@twosidefalse
* \@mparswitchfalse
* \@reversemarginfalse
* (1in=72.27pt=25.4mm, 1cm=28.453pt)


("C:\Users\alburezgutierrez\AppData\Local\Programs\MiKTeX 2.9\tex\context\base\
mkii\supp-pdf.mkii"
[Loading MPS to PDF converter (version 2006.09.02).]
\scratchcounter=\count183
\scratchdimen=\dimen275
\scratchbox=\box60
\nofMPsegments=\count184
\nofMParguments=\count185
\everyMPshowfont=\toks47
\MPscratchCnt=\count186
\MPscratchDim=\dimen276
\MPnumerator=\count187
\makeMPintoPDFobject=\count188
\everyMPtoPDFconversion=\toks48
)
("C:\Users\alburezgutierrez\AppData\Local\Programs\MiKTeX 2.9\tex\latex\oberdie
k\epstopdf-base.sty"
Package: epstopdf-base 2016/05/15 v2.6 Base part for package epstopdf

("C:\Users\alburezgutierrez\AppData\Local\Programs\MiKTeX 2.9\tex\latex\oberdie
k\grfext.sty"
Package: grfext 2016/05/16 v1.2 Manage graphics extensions (HO)
)
Package epstopdf-base Info: Redefining graphics rule for `.eps' on input line 4
38.
Package grfext Info: Graphics extension search list:
(grfext)             [.pdf,.png,.jpg,.mps,.jpeg,.jbig2,.jb2,.PDF,.PNG,.JPG,.JPE
G,.JBIG2,.JB2,.eps]
(grfext)             \AppendGraphicsExtensions on input line 456.
) ABD: EveryShipout initializing macros
\AtBeginShipoutBox=\box61
Package hyperref Info: Link coloring OFF on input line 157.

("C:\Users\alburezgutierrez\AppData\Local\Programs\MiKTeX 2.9\tex\latex\hyperre
f\nameref.sty"
Package: nameref 2016/05/21 v2.44 Cross-referencing by name of section

("C:\Users\alburezgutierrez\AppData\Local\Programs\MiKTeX 2.9\tex\generic\oberd
iek\gettitlestring.sty"
Package: gettitlestring 2016/05/16 v1.5 Cleanup title references (HO)
)
\c@section@level=\count189
)
LaTeX Info: Redefining \ref on input line 157.
LaTeX Info: Redefining \pageref on input line 157.
LaTeX Info: Redefining \nameref on input line 157.
LaTeX Font Info:    Overwriting symbol font `operators' in version `normal'
(Font)                  OT1/lmr/m/n --> OT1/cmss/m/n on input line 157.
LaTeX Font Info:    Overwriting symbol font `operators' in version `bold'
(Font)                  OT1/lmr/bx/n --> OT1/cmss/bx/n on input line 157.
LaTeX Font Info:    Overwriting symbol font `operators' in version `normal'
(Font)                  OT1/cmss/m/n --> OT1/lmss/m/n on input line 157.
LaTeX Font Info:    Overwriting symbol font `operators' in version `bold'
(Font)                  OT1/cmss/bx/n --> OT1/lmss/bx/n on input line 157.
\symnumbers=\mathgroup6
\sympureletters=\mathgroup7
LaTeX Font Info:    Overwriting math alphabet `\mathrm' in version `normal'
(Font)                  OT1/lmss/m/n --> T1/lmr/m/n on input line 157.
LaTeX Font Info:    Redeclaring math alphabet \mathbf on input line 157.
LaTeX Font Info:    Overwriting math alphabet `\mathbf' in version `normal'
(Font)                  OT1/lmr/bx/n --> T1/lmss/bx/n on input line 157.
LaTeX Font Info:    Overwriting math alphabet `\mathbf' in version `bold'
(Font)                  OT1/lmr/bx/n --> T1/lmss/bx/n on input line 157.
LaTeX Font Info:    Redeclaring math alphabet \mathsf on input line 157.
LaTeX Font Info:    Overwriting math alphabet `\mathsf' in version `normal'
(Font)                  OT1/lmss/m/n --> T1/lmss/m/n on input line 157.
LaTeX Font Info:    Overwriting math alphabet `\mathsf' in version `bold'
(Font)                  OT1/lmss/bx/n --> T1/lmss/m/n on input line 157.
LaTeX Font Info:    Redeclaring math alphabet \mathit on input line 157.
LaTeX Font Info:    Overwriting math alphabet `\mathit' in version `normal'
(Font)                  OT1/lmr/m/it --> T1/lmss/m/it on input line 157.
LaTeX Font Info:    Overwriting math alphabet `\mathit' in version `bold'
(Font)                  OT1/lmr/bx/it --> T1/lmss/m/it on input line 157.
LaTeX Font Info:    Redeclaring math alphabet \mathtt on input line 157.
LaTeX Font Info:    Overwriting math alphabet `\mathtt' in version `normal'
(Font)                  OT1/lmtt/m/n --> T1/lmtt/m/n on input line 157.
LaTeX Font Info:    Overwriting math alphabet `\mathtt' in version `bold'
(Font)                  OT1/lmtt/m/n --> T1/lmtt/m/n on input line 157.
LaTeX Font Info:    Overwriting symbol font `numbers' in version `bold'
(Font)                  T1/lmss/m/n --> T1/lmss/bx/n on input line 157.
LaTeX Font Info:    Overwriting symbol font `pureletters' in version `bold'
(Font)                  T1/lmss/m/it --> T1/lmss/bx/it on input line 157.
LaTeX Font Info:    Overwriting math alphabet `\mathrm' in version `bold'
(Font)                  OT1/lmss/bx/n --> T1/lmr/bx/n on input line 157.
LaTeX Font Info:    Overwriting math alphabet `\mathbf' in version `bold'
(Font)                  T1/lmss/bx/n --> T1/lmss/bx/n on input line 157.
LaTeX Font Info:    Overwriting math alphabet `\mathsf' in version `bold'
(Font)                  T1/lmss/m/n --> T1/lmss/bx/n on input line 157.
LaTeX Font Info:    Overwriting math alphabet `\mathit' in version `bold'
(Font)                  T1/lmss/m/it --> T1/lmss/bx/it on input line 157.
LaTeX Font Info:    Overwriting math alphabet `\mathtt' in version `bold'
(Font)                  T1/lmtt/m/n --> T1/lmtt/bx/n on input line 157.

("C:\Users\alburezgutierrez\AppData\Local\Programs\MiKTeX 2.9\tex\latex\transla
tor\translator-basic-dictionary-English.dict"
Dictionary: translator-basic-dictionary, Language: English 
)
("C:\Users\alburezgutierrez\AppData\Local\Programs\MiKTeX 2.9\tex\latex\transla
tor\translator-bibliography-dictionary-English.dict"
Dictionary: translator-bibliography-dictionary, Language: English 
)
("C:\Users\alburezgutierrez\AppData\Local\Programs\MiKTeX 2.9\tex\latex\transla
tor\translator-environment-dictionary-English.dict"
Dictionary: translator-environment-dictionary, Language: English 
)
("C:\Users\alburezgutierrez\AppData\Local\Programs\MiKTeX 2.9\tex\latex\transla
tor\translator-months-dictionary-English.dict"
Dictionary: translator-months-dictionary, Language: English 
)
("C:\Users\alburezgutierrez\AppData\Local\Programs\MiKTeX 2.9\tex\latex\transla
tor\translator-numbers-dictionary-English.dict"
Dictionary: translator-numbers-dictionary, Language: English 
)
("C:\Users\alburezgutierrez\AppData\Local\Programs\MiKTeX 2.9\tex\latex\transla
tor\translator-theorem-dictionary-English.dict"
Dictionary: translator-theorem-dictionary, Language: English 
)
LaTeX Info: Redefining \microtypecontext on input line 157.
Package microtype Info: Generating PDF output.
Package microtype Info: Character protrusion enabled (level 2).
Package microtype Info: Using protrusion set `basicmath'.
Package microtype Info: Automatic font expansion enabled (level 2),
(microtype)             stretch: 20, shrink: 20, step: 1, non-selected.
Package microtype Info: Using default expansion set `basictext'.
Package microtype Info: No adjustment of tracking.
Package microtype Info: No adjustment of interword spacing.
Package microtype Info: No adjustment of character kerning.
Package microtype Info: Loading generic protrusion settings for font family
(microtype)             `lmss' (encoding: T1).
(microtype)             For optimal results, create family-specific settings.
(microtype)             See the microtype manual for details.
Package caption Info: Begin \AtBeginDocument code.
Package caption Info: End \AtBeginDocument code.
No file 4_computational.nav.
<mpidr_logo_dag.pdf, id=12, 289.08pt x 126.4725pt>
File: mpidr_logo_dag.pdf Graphic file (type pdf)
<use mpidr_logo_dag.pdf>
Package pdftex.def Info: mpidr_logo_dag.pdf  used on input line 158.
(pdftex.def)             Requested size: 142.26357pt x 62.2403pt.
[1

{C:/Users/alburezgutierrez/AppData/Local/MiKTeX/2.9/pdftex/config/pdftex.map} <
./mpidr_logo_dag.pdf>] [2

]
LaTeX Font Info:    Try loading font information for OT1+lmss on input line 192
.

("C:\Users\alburezgutierrez\AppData\Local\Programs\MiKTeX 2.9\tex\latex\lm\ot1l
mss.fd"
File: ot1lmss.fd 2009/10/30 v1.6 Font defs for Latin Modern
)
Package microtype Info: Loading generic protrusion settings for font family
(microtype)             `lmss' (encoding: OT1).
(microtype)             For optimal results, create family-specific settings.
(microtype)             See the microtype manual for details.
LaTeX Font Info:    Try loading font information for OML+lmm on input line 192.


("C:\Users\alburezgutierrez\AppData\Local\Programs\MiKTeX 2.9\tex\latex\lm\omll
mm.fd"
File: omllmm.fd 2009/10/30 v1.6 Font defs for Latin Modern
)
LaTeX Font Info:    Try loading font information for OMS+lmsy on input line 192
.

("C:\Users\alburezgutierrez\AppData\Local\Programs\MiKTeX 2.9\tex\latex\lm\omsl
msy.fd"
File: omslmsy.fd 2009/10/30 v1.6 Font defs for Latin Modern
)
LaTeX Font Info:    Try loading font information for OMX+lmex on input line 192
.

("C:\Users\alburezgutierrez\AppData\Local\Programs\MiKTeX 2.9\tex\latex\lm\omxl
mex.fd"
File: omxlmex.fd 2009/10/30 v1.6 Font defs for Latin Modern
)
LaTeX Font Info:    External font `lmex10' loaded for size
(Font)              <10.95> on input line 192.
LaTeX Font Info:    External font `lmex10' loaded for size
(Font)              <8> on input line 192.
LaTeX Font Info:    External font `lmex10' loaded for size
(Font)              <6> on input line 192.
LaTeX Font Info:    Try loading font information for U+msa on input line 192.

("C:\Users\alburezgutierrez\AppData\Local\Programs\MiKTeX 2.9\tex\latex\amsfont
s\umsa.fd"
File: umsa.fd 2013/01/14 v3.01 AMS symbols A
)
("C:\Users\alburezgutierrez\AppData\Local\Programs\MiKTeX 2.9\tex\latex\microty
pe\mt-msa.cfg"
File: mt-msa.cfg 2006/02/04 v1.1 microtype config. file: AMS symbols (a) (RS)
)
LaTeX Font Info:    Try loading font information for U+msb on input line 192.

("C:\Users\alburezgutierrez\AppData\Local\Programs\MiKTeX 2.9\tex\latex\amsfont
s\umsb.fd"
File: umsb.fd 2013/01/14 v3.01 AMS symbols B
)
("C:\Users\alburezgutierrez\AppData\Local\Programs\MiKTeX 2.9\tex\latex\microty
pe\mt-msb.cfg"
File: mt-msb.cfg 2005/06/01 v1.0 microtype config. file: AMS symbols (b) (RS)
)
LaTeX Font Info:    Font shape `T1/lmss/m/it' in size <10.95> not available
(Font)              Font shape `T1/lmss/m/sl' tried instead on input line 192.
LaTeX Font Info:    Font shape `T1/lmss/m/it' in size <8> not available
(Font)              Font shape `T1/lmss/m/sl' tried instead on input line 192.
LaTeX Font Info:    Font shape `T1/lmss/m/it' in size <6> not available
(Font)              Font shape `T1/lmss/m/sl' tried instead on input line 192.
[3

]
LaTeX Font Info:    External font `lmex10' loaded for size
(Font)              <10> on input line 226.
LaTeX Font Info:    External font `lmex10' loaded for size
(Font)              <7> on input line 226.
LaTeX Font Info:    External font `lmex10' loaded for size
(Font)              <5> on input line 226.
LaTeX Font Info:    Font shape `T1/lmss/m/it' in size <10> not available
(Font)              Font shape `T1/lmss/m/sl' tried instead on input line 226.
LaTeX Font Info:    Font shape `T1/lmss/m/it' in size <7> not available
(Font)              Font shape `T1/lmss/m/sl' tried instead on input line 226.
LaTeX Font Info:    Font shape `T1/lmss/m/it' in size <5> not available
(Font)              Font shape `T1/lmss/m/sl' tried instead on input line 226.
[4

] [5

]
<resources/socsim.PNG, id=52, 296.307pt x 204.765pt>
File: resources/socsim.PNG Graphic file (type png)
<use resources/socsim.PNG>
Package pdftex.def Info: resources/socsim.PNG  used on input line 258.
(pdftex.def)             Requested size: 225.84673pt x 156.07292pt.
[6

 <./resources/socsim.PNG>]
\openout4 = `4_computational.vrb'.

(4_computational.vrb
LaTeX Font Info:    Try loading font information for T1+lmtt on input line 5.

("C:\Users\alburezgutierrez\AppData\Local\Programs\MiKTeX 2.9\tex\latex\lm\t1lm
tt.fd"
File: t1lmtt.fd 2009/10/30 v1.6 Font defs for Latin Modern
)
LaTeX Font Info:    Font shape `T1/lmtt/bx/n' in size <10.95> not available
(Font)              Font shape `T1/lmtt/b/n' tried instead on input line 7.
) [7

]
<resources/type_kin_death.pdf, id=71, 505.89pt x 505.89pt>
File: resources/type_kin_death.pdf Graphic file (type pdf)
<use resources/type_kin_death.pdf>
Package pdftex.def Info: resources/type_kin_death.pdf  used on input line 301.
(pdftex.def)             Requested size: 225.8498pt x 225.8498pt.

Overfull \vbox (27.70993pt too high) detected at line 301
 []

[8

 <./resources/type_kin_death.pdf>]
<resources/light.png, id=81, 240.9pt x 240.9pt>
File: resources/light.png Graphic file (type png)
<use resources/light.png>
Package pdftex.def Info: resources/light.png  used on input line 308.
(pdftex.def)             Requested size: 30.11241pt x 30.11241pt.
[9

 <./resources/light.png>]
\openout4 = `4_computational.vrb'.

(4_computational.vrb
<resources/ball.png, id=89, 240.9pt x 240.9pt>
File: resources/ball.png Graphic file (type png)
<use resources/ball.png>
Package pdftex.def Info: resources/ball.png  used on input line 4.
(pdftex.def)             Requested size: 22.5843pt x 22.5843pt.
) [10

 <./resources/ball.png>] [11

] [12

]
<resources/zagheni_orphans.PNG, id=111, 479.99326pt x 283.0575pt>
File: resources/zagheni_orphans.PNG Graphic file (type png)
<use resources/zagheni_orphans.PNG>
Package pdftex.def Info: resources/zagheni_orphans.PNG  used on input line 364.

(pdftex.def)             Requested size: 263.49174pt x 155.38408pt.
[13

 <./resources/zagheni_orphans.PNG>]
<resources/zag4.PNG, id=120, 563.706pt x 322.20375pt>
File: resources/zag4.PNG Graphic file (type png)
<use resources/zag4.PNG>
Package pdftex.def Info: resources/zag4.PNG  used on input line 375.
(pdftex.def)             Requested size: 263.4882pt x 150.6049pt.
[14

 <./resources/zag4.PNG>]
<resources/zag3.PNG, id=128, 552.8655pt x 328.8285pt>
File: resources/zag3.PNG Graphic file (type png)
<use resources/zag3.PNG>
Package pdftex.def Info: resources/zag3.PNG  used on input line 386.
(pdftex.def)             Requested size: 263.49118pt x 156.71698pt.
[15

 <./resources/zag3.PNG>] [16

] [17

]
<resources/verdery_sources.PNG, id=149, 406.51875pt x 507.69675pt>
File: resources/verdery_sources.PNG Graphic file (type png)
<use resources/verdery_sources.PNG>
Package pdftex.def Info: resources/verdery_sources.PNG  used on input line 427.

(pdftex.def)             Requested size: 188.20425pt x 235.04622pt.
[18

 <./resources/verdery_sources.PNG>]
<resources/verdery_rates.PNG, id=157, 637.78275pt x 419.166pt>
File: resources/verdery_rates.PNG Graphic file (type png)
<use resources/verdery_rates.PNG>
Package pdftex.def Info: resources/verdery_rates.PNG  used on input line 442.
(pdftex.def)             Requested size: 263.48763pt x 173.17033pt.
[19

 <./resources/verdery_rates.PNG>]
<resources/verdery.PNG, id=166, 511.9125pt x 390.86024pt>
File: resources/verdery.PNG Graphic file (type png)
<use resources/verdery.PNG>
Package pdftex.def Info: resources/verdery.PNG  used on input line 454.
(pdftex.def)             Requested size: 263.48557pt x 201.17897pt.
[20

 <./resources/verdery.PNG>]
<resources/verdery_mechanisms.PNG, id=174, 383.031pt x 261.3765pt>
File: resources/verdery_mechanisms.PNG Graphic file (type png)
<use resources/verdery_mechanisms.PNG>
Package pdftex.def Info: resources/verdery_mechanisms.PNG  used on input line 4
66.
(pdftex.def)             Requested size: 263.50266pt x 179.81154pt.
[21

 <./resources/verdery_mechanisms.PNG>] [22

] [23

] [24

]
\openout4 = `4_computational.vrb'.

(4_computational.vrb) [25

] [26

] [27

]
<resources/child_loss_decade.png, id=229, 370.2633pt x 362.7954pt>
File: resources/child_loss_decade.png Graphic file (type png)
<use resources/child_loss_decade.png>
Package pdftex.def Info: resources/child_loss_decade.png  used on input line 61
3.
(pdftex.def)             Requested size: 263.48766pt x 258.17332pt.

Overfull \vbox (46.90019pt too high) detected at line 613
 []

[28

 <./resources/child_loss_decade.png>]
<resources/comparative.pdf, id=237, 454.69875pt x 341.275pt>
File: resources/comparative.pdf Graphic file (type pdf)
<use resources/comparative.pdf>
Package pdftex.def Info: resources/comparative.pdf  used on input line 624.
(pdftex.def)             Requested size: 263.48955pt x 197.76257pt.
[29

 <./resources/comparative.pdf>] [30

]
<resources/sandwich_comparative_USA.pdf, id=260, 483.8075pt x 366.36874pt>
File: resources/sandwich_comparative_USA.pdf Graphic file (type pdf)
<use resources/sandwich_comparative_USA.pdf>
Package pdftex.def Info: resources/sandwich_comparative_USA.pdf  used on input 
line 654.
(pdftex.def)             Requested size: 263.49637pt x 199.53563pt.
[31

 <./resources/sandwich_comparative_USA.pdf>]

LaTeX Warning: File `resources/loud.png' not found on input line 671.


! Package pdftex.def Error: File `resources/loud.png' not found: using draft se
tting.

See the pdftex.def package documentation for explanation.
Type  H <return>  for immediate help.
 ...                                              
                                                  
l.671 \end{frame}
                  
Here is how much of TeX's memory you used:
 25295 strings out of 492976
 468516 string characters out of 3121878
 538277 words of memory out of 3000000
 28538 multiletter control sequences out of 15000+200000
 69600 words of font info for 80 fonts, out of 3000000 for 9000
 1141 hyphenation exceptions out of 8191
 56i,11n,65p,805b,513s stack positions out of 5000i,500n,10000p,200000b,50000s

!  ==> Fatal error occurred, no output PDF file produced!
